Using pre-set license
Built from '2020.3/release' branch; Version is '2020.3.15f2 (6cf78cb77498) revision 7141260'; Using compiler version '192528614'; Build Type 'Release'
OS: 'Windows 10 Pro; OS build 19043.1237; Version 2009; 64bit' Language: 'es' Physical Memory: 6102 MB
BatchMode: 1, IsHumanControllingUs: 0, StartBugReporterOnCrash: 0, Is64bit: 1, IsPro: 0

 COMMAND LINE ARGUMENTS:
C:\Program Files\Unity\Hub\Editor\2020.3.15f2\Editor\Unity.exe
-adb2
-batchMode
-noUpm
-name
AssetImportWorker0
-projectPath
C:/Users/Hitomi/Desktop/Proyecto/Emotiv/Emotiv/Emotive
-logFile
Logs/AssetImportWorker0.log
-srvPort
60758
Successfully changed project path to: C:/Users/Hitomi/Desktop/Proyecto/Emotiv/Emotiv/Emotive
C:/Users/Hitomi/Desktop/Proyecto/Emotiv/Emotiv/Emotive
Using Asset Import Pipeline V2.
Refreshing native plugins compatible for Editor in 116.07 ms, found 2 plugins.
Preloading 0 native plugins for Editor in 0.00 ms.
Initialize engine version: 2020.3.15f2 (6cf78cb77498)
[Subsystems] Discovering subsystems at path C:/Program Files/Unity/Hub/Editor/2020.3.15f2/Editor/Data/Resources/UnitySubsystems
[Subsystems] Discovering subsystems at path C:/Users/Hitomi/Desktop/Proyecto/Emotiv/Emotiv/Emotive/Assets
GfxDevice: creating device client; threaded=0
Direct3D:
    Version:  Direct3D 11.0 [level 10.1]
    Renderer: NVIDIA GeForce 210  (ID=0xa65)
    Vendor:   
    VRAM:     972 MB
    Driver:   21.21.13.4201
Initialize mono
Mono path[0] = 'C:/Program Files/Unity/Hub/Editor/2020.3.15f2/Editor/Data/Managed'
Mono path[1] = 'C:/Program Files/Unity/Hub/Editor/2020.3.15f2/Editor/Data/MonoBleedingEdge/lib/mono/unityjit'
Mono config path = 'C:/Program Files/Unity/Hub/Editor/2020.3.15f2/Editor/Data/MonoBleedingEdge/etc'
Using monoOptions --debugger-agent=transport=dt_socket,embedding=1,server=y,suspend=n,address=127.0.0.1:56656
Begin MonoManager ReloadAssembly
Registering precompiled unity dll's ...
Register platform support module: C:/Program Files/Unity/Hub/Editor/2020.3.15f2/Editor/Data/PlaybackEngines/WindowsStandaloneSupport/UnityEditor.WindowsStandalone.Extensions.dll
Registered in 0.006079 seconds.
Native extension for WindowsStandalone target not found
Refreshing native plugins compatible for Editor in 88.67 ms, found 2 plugins.
Preloading 0 native plugins for Editor in 0.00 ms.
Mono: successfully reloaded assembly
- Completed reload, in  6.133 seconds
Domain Reload Profiling:
	ReloadAssembly (6133ms)
		BeginReloadAssembly (80ms)
			ExecutionOrderSort (0ms)
			DisableScriptedObjects (0ms)
			BackupInstance (0ms)
			ReleaseScriptingObjects (0ms)
			CreateAndSetChildDomain (1ms)
		EndReloadAssembly (678ms)
			LoadAssemblies (77ms)
			RebuildTransferFunctionScriptingTraits (0ms)
			SetupTypeCache (234ms)
			ReleaseScriptCaches (0ms)
			RebuildScriptCaches (48ms)
			SetupLoadedEditorAssemblies (283ms)
				LogAssemblyErrors (0ms)
				InitializePlatformSupportModulesInManaged (6ms)
				SetLoadedEditorAssemblies (1ms)
				RefreshPlugins (89ms)
				BeforeProcessingInitializeOnLoad (24ms)
				ProcessInitializeOnLoadAttributes (120ms)
				ProcessInitializeOnLoadMethodAttributes (44ms)
				AfterProcessingInitializeOnLoad (0ms)
				EditorAssembliesLoaded (0ms)
			ExecutionOrderSort2 (0ms)
			AwakeInstancesAfterBackupRestoration (0ms)
Platform modules already initialized, skipping
Registering precompiled user dll's ...
Registered in 0.048527 seconds.
Begin MonoManager ReloadAssembly
Native extension for WindowsStandalone target not found
Refreshing native plugins compatible for Editor in 1.11 ms, found 2 plugins.
Preloading 0 native plugins for Editor in 0.00 ms.
DisplayProgressbar: Restoring NuGet Packages
Mono: successfully reloaded assembly
- Completed reload, in  3.644 seconds
Domain Reload Profiling:
	ReloadAssembly (3645ms)
		BeginReloadAssembly (616ms)
			ExecutionOrderSort (0ms)
			DisableScriptedObjects (7ms)
			BackupInstance (0ms)
			ReleaseScriptingObjects (0ms)
			CreateAndSetChildDomain (32ms)
		EndReloadAssembly (2924ms)
			LoadAssemblies (614ms)
			RebuildTransferFunctionScriptingTraits (0ms)
			SetupTypeCache (562ms)
			ReleaseScriptCaches (1ms)
			RebuildScriptCaches (239ms)
			SetupLoadedEditorAssemblies (1462ms)
				LogAssemblyErrors (0ms)
				InitializePlatformSupportModulesInManaged (8ms)
				SetLoadedEditorAssemblies (1ms)
				RefreshPlugins (1ms)
				BeforeProcessingInitializeOnLoad (183ms)
				ProcessInitializeOnLoadAttributes (1251ms)
				ProcessInitializeOnLoadMethodAttributes (7ms)
				AfterProcessingInitializeOnLoad (10ms)
				EditorAssembliesLoaded (0ms)
			ExecutionOrderSort2 (0ms)
			AwakeInstancesAfterBackupRestoration (10ms)
Platform modules already initialized, skipping
========================================================================
Worker process is ready to serve import requests
Launched and connected shader compiler UnityShaderCompiler.exe after 0.15 seconds
Refreshing native plugins compatible for Editor in 0.89 ms, found 2 plugins.
Preloading 0 native plugins for Editor in 0.00 ms.
Unloading 1868 Unused Serialized files (Serialized files now loaded: 0)
System memory in use before: 85.6 MB.
System memory in use after: 85.7 MB.

Unloading 31 unused Assets to reduce memory usage. Loaded Objects now: 2305.
Total: 3.557600 ms (FindLiveObjects: 0.265400 ms CreateObjectMapping: 0.103300 ms MarkObjects: 2.809800 ms  DeleteObjects: 0.376100 ms)

AssetImportParameters requested are different than current active one (requested -> active):
  custom:framework-win-MediaFoundation: 216162199b28c13a410421893ffa2e32 -> 
  custom:video-decoder-ogg-theora: a1e56fd34408186e4bbccfd4996cb3dc -> 
  custom:container-muxer-webm: aa71ff27fc2769a1b78a27578f13a17b -> 
  custom:container-demuxer-webm: 4f35f7cbe854078d1ac9338744f61a02 -> 
  custom:container-demuxer-ogg: 62fdf1f143b41e24485cea50d1cbac27 -> 
  custom:video-encoder-webm-vp8: eb34c28f22e8b96e1ab97ce403110664 -> 
  custom:video-decoder-webm-vp8: 9c59270c3fd7afecdb556c50c9e8de78 -> 
  custom:audio-decoder-ogg-vorbis: bf7c407c2cedff20999df2af8eb42d56 -> 
  custom:audio-encoder-webm-vorbis: bf7c407c2cedff20999df2af8eb42d56 -> 
========================================================================
Received Import Request.
  path: Assets/PackagesCustom/DoozyUI/Resources/DUI/Animations/Out/Scale/SlenderLeft.asset
  artifactKey: Guid(0841c41b37f22e348a25ba5ba4b7fb3b) Importer(815301076,1909f56bfc062723c751e8b465ee728b)
Start importing Assets/PackagesCustom/DoozyUI/Resources/DUI/Animations/Out/Scale/SlenderLeft.asset using Guid(0841c41b37f22e348a25ba5ba4b7fb3b) Importer(815301076,1909f56bfc062723c751e8b465ee728b)  -> (artifact id: 'aa15108b79f1da8d14212ee688f39394') in 0.107445 seconds 
  Import took 0.138554 seconds .

========================================================================
Received Import Request.
  Time since last request: 0.001083 seconds.
  path: Assets/Plugins/Quick/Images/Titles/titleGhostGreenDark.png
  artifactKey: Guid(1e0cd8049ece33c41a225c4cad0304da) Importer(815301076,1909f56bfc062723c751e8b465ee728b)
Start importing Assets/Plugins/Quick/Images/Titles/titleGhostGreenDark.png using Guid(1e0cd8049ece33c41a225c4cad0304da) Importer(815301076,1909f56bfc062723c751e8b465ee728b)  -> (artifact id: 'bd479f2c11de511089e225c4796323b4') in 0.197421 seconds 
  Import took 0.210026 seconds .

========================================================================
Received Import Request.
  Time since last request: 0.000263 seconds.
  path: Assets/Plugins/Quick/Images/Icons/iconRecycleGreenDark.png
  artifactKey: Guid(cfc289884d456a540a32f931f4dc58b4) Importer(815301076,1909f56bfc062723c751e8b465ee728b)
Start importing Assets/Plugins/Quick/Images/Icons/iconRecycleGreenDark.png using Guid(cfc289884d456a540a32f931f4dc58b4) Importer(815301076,1909f56bfc062723c751e8b465ee728b)  -> (artifact id: '3d4ce9153e1279251defd75f3dac6693') in 0.043694 seconds 
  Import took 0.049458 seconds .

========================================================================
Received Import Request.
  Time since last request: 0.000257 seconds.
  path: Assets/Plugins/Quick/Images/Buttons/btnGhostGreenDarkHover.png
  artifactKey: Guid(74ba857185c1c66429456f7c5759e0f7) Importer(815301076,1909f56bfc062723c751e8b465ee728b)
Start importing Assets/Plugins/Quick/Images/Buttons/btnGhostGreenDarkHover.png using Guid(74ba857185c1c66429456f7c5759e0f7) Importer(815301076,1909f56bfc062723c751e8b465ee728b)  -> (artifact id: 'e2d352c49920830d23fa593a239b1863') in 0.029833 seconds 
  Import took 0.034562 seconds .

========================================================================
Received Import Request.
  Time since last request: 0.000284 seconds.
  path: Assets/Plugins/Quick/Images/Buttons/btnSlicedGreenDark.png
  artifactKey: Guid(354c5d864a1d34c42bdb6ef51625edb5) Importer(815301076,1909f56bfc062723c751e8b465ee728b)
Start importing Assets/Plugins/Quick/Images/Buttons/btnSlicedGreenDark.png using Guid(354c5d864a1d34c42bdb6ef51625edb5) Importer(815301076,1909f56bfc062723c751e8b465ee728b)  -> (artifact id: '50791820a99c36e64b1fcdcb9e2813b9') in 0.076295 seconds 
  Import took 0.083670 seconds .

========================================================================
Received Import Request.
  Time since last request: 0.000840 seconds.
  path: Assets/PackagesCustom/DoozyUI/Resources/DUI/Animations/Out/Scale/SlenderRight.asset
  artifactKey: Guid(99e4200790bf9144ba9ff7ee2357fe15) Importer(815301076,1909f56bfc062723c751e8b465ee728b)
Start importing Assets/PackagesCustom/DoozyUI/Resources/DUI/Animations/Out/Scale/SlenderRight.asset using Guid(99e4200790bf9144ba9ff7ee2357fe15) Importer(815301076,1909f56bfc062723c751e8b465ee728b)  -> (artifact id: '80c12621618ff7097b6b13e3d6b63ecd') in 0.104800 seconds 
  Import took 0.112329 seconds .

========================================================================
Received Import Request.
  Time since last request: 0.000293 seconds.
  path: Assets/PackagesCustom/DoozyUI/Resources/DUI/Animations/Out/Scale/SlenderUp.asset
  artifactKey: Guid(fbd9a7bdcefaafc49852782153464936) Importer(815301076,1909f56bfc062723c751e8b465ee728b)
Start importing Assets/PackagesCustom/DoozyUI/Resources/DUI/Animations/Out/Scale/SlenderUp.asset using Guid(fbd9a7bdcefaafc49852782153464936) Importer(815301076,1909f56bfc062723c751e8b465ee728b)  -> (artifact id: '73b5b41f2ddf9fffe83e89281db038c5') in 0.016171 seconds 
  Import took 0.021623 seconds .

========================================================================
Received Import Request.
  Time since last request: 0.000061 seconds.
  path: Assets/Plugins/Quick/Images/Buttons/btnGhostGreenDark.png
  artifactKey: Guid(0314ba82e6dab854f9f74b81b718cdf5) Importer(815301076,1909f56bfc062723c751e8b465ee728b)
Start importing Assets/Plugins/Quick/Images/Buttons/btnGhostGreenDark.png using Guid(0314ba82e6dab854f9f74b81b718cdf5) Importer(815301076,1909f56bfc062723c751e8b465ee728b)  -> (artifact id: '2575185c1cd2d6056e8166770c5d0b40') in 0.033899 seconds 
  Import took 0.038788 seconds .

========================================================================
Received Import Request.
  Time since last request: 0.000287 seconds.
  path: Assets/Plugins/Quick/Images/Buttons/btnSlicedGreenDarkActive.png
  artifactKey: Guid(ce49523b360380f47a7a8e83899f5904) Importer(815301076,1909f56bfc062723c751e8b465ee728b)
Start importing Assets/Plugins/Quick/Images/Buttons/btnSlicedGreenDarkActive.png using Guid(ce49523b360380f47a7a8e83899f5904) Importer(815301076,1909f56bfc062723c751e8b465ee728b)  -> (artifact id: '23678116d3e5164b738a7a606f5d7149') in 0.039677 seconds 
  Import took 0.045041 seconds .

========================================================================
Received Import Request.
  Time since last request: 0.000280 seconds.
  path: Assets/Plugins/Quick/Images/Icons/iconMaxGreenDark.png
  artifactKey: Guid(ee16e469770eaa24fab0684a0c50acdd) Importer(815301076,1909f56bfc062723c751e8b465ee728b)
Start importing Assets/Plugins/Quick/Images/Icons/iconMaxGreenDark.png using Guid(ee16e469770eaa24fab0684a0c50acdd) Importer(815301076,1909f56bfc062723c751e8b465ee728b)  -> (artifact id: '1a7f1b116d4e4d5961feb1667d61fe3f') in 0.195963 seconds 
  Import took 0.203374 seconds .

========================================================================
Received Import Request.
  Time since last request: 0.000301 seconds.
  path: Assets/Plugins/Quick/Images/Icons/iconNumberGreenDark.png
  artifactKey: Guid(655a5eb3910eac845a2f0bffc9d90673) Importer(815301076,1909f56bfc062723c751e8b465ee728b)
Start importing Assets/Plugins/Quick/Images/Icons/iconNumberGreenDark.png using Guid(655a5eb3910eac845a2f0bffc9d90673) Importer(815301076,1909f56bfc062723c751e8b465ee728b)  -> (artifact id: '5285c6226ff184774d2978072b0f3d6e') in 0.260239 seconds 
  Import took 0.281259 seconds .

========================================================================
Received Import Request.
  Time since last request: 0.000269 seconds.
  path: Assets/Plugins/Quick/Images/Buttons/btnGhostGreenDarkActive.png
  artifactKey: Guid(5ea80768c07d91a4db5f8677c67b423a) Importer(815301076,1909f56bfc062723c751e8b465ee728b)
Start importing Assets/Plugins/Quick/Images/Buttons/btnGhostGreenDarkActive.png using Guid(5ea80768c07d91a4db5f8677c67b423a) Importer(815301076,1909f56bfc062723c751e8b465ee728b)  -> (artifact id: '26c66e80212325aff09d647016b6d754') in 0.063061 seconds 
  Import took 0.069111 seconds .

========================================================================
Received Import Request.
  Time since last request: 0.000287 seconds.
  path: Assets/Scripts/Start/Incidents.cs
  artifactKey: Guid(9b111d7db629eac4db969259e531130a) Importer(815301076,1909f56bfc062723c751e8b465ee728b)
Start importing Assets/Scripts/Start/Incidents.cs using Guid(9b111d7db629eac4db969259e531130a) Importer(815301076,1909f56bfc062723c751e8b465ee728b)  -> (artifact id: '1e2e05fa888d69c8c59f8ab081496d47') in 0.037201 seconds 
  Import took 0.042920 seconds .

========================================================================
Received Import Request.
  Time since last request: 0.000359 seconds.
  path: Assets/PackagesCustom/DoozyUI/Examples/Shared/Sounds/HistoricalAntiquesCashRegisterOpenDing.wav
  artifactKey: Guid(7c76f1c67135ff04086fc30174508081) Importer(815301076,1909f56bfc062723c751e8b465ee728b)
Start importing Assets/PackagesCustom/DoozyUI/Examples/Shared/Sounds/HistoricalAntiquesCashRegisterOpenDing.wav using Guid(7c76f1c67135ff04086fc30174508081) Importer(815301076,1909f56bfc062723c751e8b465ee728b)  -> (artifact id: 'bfcfc99026890b7dbf36923d35eb5115') in 0.163330 seconds 
  Import took 0.168713 seconds .

========================================================================
Received Import Request.
  Time since last request: 0.000408 seconds.
  path: Assets/PackagesCustom/DoozyUI/Resources/DUI/Animations/In/Scale/SlenderRight.asset
  artifactKey: Guid(2ad590640581fb640af852f9f7348cc9) Importer(815301076,1909f56bfc062723c751e8b465ee728b)
Start importing Assets/PackagesCustom/DoozyUI/Resources/DUI/Animations/In/Scale/SlenderRight.asset using Guid(2ad590640581fb640af852f9f7348cc9) Importer(815301076,1909f56bfc062723c751e8b465ee728b)  -> (artifact id: 'b63029dcb6347ad0b58bfbf83122954f') in 0.018578 seconds 
  Import took 0.023718 seconds .

========================================================================
Received Import Request.
  Time since last request: 0.000282 seconds.
  path: Assets/PackagesCustom/DoozyUI/Resources/DUI/Animations/In/Scale/SlenderUp.asset
  artifactKey: Guid(bb70adaab33b2404d812f38698fac0ab) Importer(815301076,1909f56bfc062723c751e8b465ee728b)
Start importing Assets/PackagesCustom/DoozyUI/Resources/DUI/Animations/In/Scale/SlenderUp.asset using Guid(bb70adaab33b2404d812f38698fac0ab) Importer(815301076,1909f56bfc062723c751e8b465ee728b)  -> (artifact id: 'df5450e78647580a277c025c3cb43e35') in 0.018958 seconds 
  Import took 0.024819 seconds .

========================================================================
Received Import Request.
  Time since last request: 0.000251 seconds.
  path: Assets/PackagesCustom/Demigiant/DemiLib/Core/Editor/Imgs/ico_end.png
  artifactKey: Guid(a248c8288afb9184f953d9aa07a696b0) Importer(815301076,1909f56bfc062723c751e8b465ee728b)
Start importing Assets/PackagesCustom/Demigiant/DemiLib/Core/Editor/Imgs/ico_end.png using Guid(a248c8288afb9184f953d9aa07a696b0) Importer(815301076,1909f56bfc062723c751e8b465ee728b)  -> (artifact id: '65c5544dc898b09eb60c681842bc8485') in 0.044978 seconds 
  Import took 0.051916 seconds .

========================================================================
Received Import Request.
  Time since last request: 0.000323 seconds.
  path: Assets/PackagesCustom/DoozyUI/Resources/DUI/Animations/In/Scale/SlenderDown.asset
  artifactKey: Guid(3bbd1dbcbb1b0024f901ceb0c3c94abd) Importer(815301076,1909f56bfc062723c751e8b465ee728b)
Start importing Assets/PackagesCustom/DoozyUI/Resources/DUI/Animations/In/Scale/SlenderDown.asset using Guid(3bbd1dbcbb1b0024f901ceb0c3c94abd) Importer(815301076,1909f56bfc062723c751e8b465ee728b)  -> (artifact id: '4d6884b472b50af824c3c7a3962a2553') in 0.015916 seconds 
  Import took 0.020925 seconds .

========================================================================
Received Import Request.
  Time since last request: 0.000281 seconds.
  path: Assets/Plugins/Quick/Images/Lines/lineGreenDark.png
  artifactKey: Guid(d0a55c8c6bf751e4782e2b4e88e16016) Importer(815301076,1909f56bfc062723c751e8b465ee728b)
Start importing Assets/Plugins/Quick/Images/Lines/lineGreenDark.png using Guid(d0a55c8c6bf751e4782e2b4e88e16016) Importer(815301076,1909f56bfc062723c751e8b465ee728b)  -> (artifact id: '20e6b0fb4f18a55e879ba3cbf134ddb5') in 0.029703 seconds 
  Import took 0.034611 seconds .

========================================================================
Received Import Request.
  Time since last request: 0.000263 seconds.
  path: Assets/Plugins/Quick/Images/Icons/iconDebugGreenDark.png
  artifactKey: Guid(f2c00b7f9340b5a45b3823b88473a931) Importer(815301076,1909f56bfc062723c751e8b465ee728b)
Start importing Assets/Plugins/Quick/Images/Icons/iconDebugGreenDark.png using Guid(f2c00b7f9340b5a45b3823b88473a931) Importer(815301076,1909f56bfc062723c751e8b465ee728b)  -> (artifact id: '4f1bad29e0337e70b5d54e3310f14e75') in 0.028443 seconds 
  Import took 0.033287 seconds .

========================================================================
Received Import Request.
  Time since last request: 0.000250 seconds.
  path: Assets/PackagesCustom/DoozyUI/Resources/DUI/Animations/Out/Scale/SlenderDown.asset
  artifactKey: Guid(8050516db2fb04c45ac9a97a31a0299d) Importer(815301076,1909f56bfc062723c751e8b465ee728b)
Start importing Assets/PackagesCustom/DoozyUI/Resources/DUI/Animations/Out/Scale/SlenderDown.asset using Guid(8050516db2fb04c45ac9a97a31a0299d) Importer(815301076,1909f56bfc062723c751e8b465ee728b)  -> (artifact id: 'da69c8e272d98cb84f9ac58a0647653c') in 0.009087 seconds 
  Import took 0.013607 seconds .

========================================================================
Received Import Request.
  Time since last request: 0.000252 seconds.
  path: Assets/PackagesCustom/DoozyUI/Resources/DUI/Animations/In/Scale/SlenderLeft.asset
  artifactKey: Guid(1a33a9eb6ce439c46a49c24b36e46e8c) Importer(815301076,1909f56bfc062723c751e8b465ee728b)
Start importing Assets/PackagesCustom/DoozyUI/Resources/DUI/Animations/In/Scale/SlenderLeft.asset using Guid(1a33a9eb6ce439c46a49c24b36e46e8c) Importer(815301076,1909f56bfc062723c751e8b465ee728b)  -> (artifact id: '1effbae71cba06ad0cd0f1312004308e') in 0.009649 seconds 
  Import took 0.014148 seconds .

========================================================================
Received Import Request.
  Time since last request: 0.000247 seconds.
  path: Assets/Plugins/Quick/Images/Icons/iconArrowUpGreenDark.png
  artifactKey: Guid(ba0c05e9273d58a49a688ec9b719cab2) Importer(815301076,1909f56bfc062723c751e8b465ee728b)
Start importing Assets/Plugins/Quick/Images/Icons/iconArrowUpGreenDark.png using Guid(ba0c05e9273d58a49a688ec9b719cab2) Importer(815301076,1909f56bfc062723c751e8b465ee728b)  -> (artifact id: 'aacf1ffaae448212f71cda06bf6cfa05') in 0.040100 seconds 
  Import took 0.045142 seconds .

========================================================================
Received Import Request.
  Time since last request: 0.000683 seconds.
  path: Assets/Plugins/Quick/Images/Buttons/btnSlicedGreenDarkHover.png
  artifactKey: Guid(fa7a8b6e0ed2bc649bf42cde2f1577cb) Importer(815301076,1909f56bfc062723c751e8b465ee728b)
Start importing Assets/Plugins/Quick/Images/Buttons/btnSlicedGreenDarkHover.png using Guid(fa7a8b6e0ed2bc649bf42cde2f1577cb) Importer(815301076,1909f56bfc062723c751e8b465ee728b)  -> (artifact id: 'f3fb52f1e6b97bb47a23e6492424d823') in 0.032391 seconds 
  Import took 0.037115 seconds .

========================================================================
Received Prepare
Registering precompiled user dll's ...
Registered in 0.012702 seconds.
Begin MonoManager ReloadAssembly
Native extension for WindowsStandalone target not found
Refreshing native plugins compatible for Editor in 0.91 ms, found 2 plugins.
Preloading 0 native plugins for Editor in 0.00 ms.
Mono: successfully reloaded assembly
- Completed reload, in  2.089 seconds
Domain Reload Profiling:
	ReloadAssembly (2089ms)
		BeginReloadAssembly (159ms)
			ExecutionOrderSort (0ms)
			DisableScriptedObjects (6ms)
			BackupInstance (0ms)
			ReleaseScriptingObjects (0ms)
			CreateAndSetChildDomain (50ms)
		EndReloadAssembly (1833ms)
			LoadAssemblies (132ms)
			RebuildTransferFunctionScriptingTraits (0ms)
			SetupTypeCache (479ms)
			ReleaseScriptCaches (2ms)
			RebuildScriptCaches (65ms)
			SetupLoadedEditorAssemblies (986ms)
				LogAssemblyErrors (0ms)
				InitializePlatformSupportModulesInManaged (6ms)
				SetLoadedEditorAssemblies (1ms)
				RefreshPlugins (1ms)
				BeforeProcessingInitializeOnLoad (113ms)
				ProcessInitializeOnLoadAttributes (850ms)
				ProcessInitializeOnLoadMethodAttributes (6ms)
				AfterProcessingInitializeOnLoad (9ms)
				EditorAssembliesLoaded (0ms)
			ExecutionOrderSort2 (0ms)
			AwakeInstancesAfterBackupRestoration (10ms)
Platform modules already initialized, skipping
Refreshing native plugins compatible for Editor in 1.06 ms, found 2 plugins.
Preloading 0 native plugins for Editor in 0.00 ms.
Unloading 1831 Unused Serialized files (Serialized files now loaded: 0)
System memory in use before: 85.6 MB.
System memory in use after: 85.7 MB.

Unloading 26 unused Assets to reduce memory usage. Loaded Objects now: 2322.
Total: 2.738700 ms (FindLiveObjects: 0.197500 ms CreateObjectMapping: 0.075300 ms MarkObjects: 2.372800 ms  DeleteObjects: 0.091500 ms)

AssetImportParameters requested are different than current active one (requested -> active):
  custom:framework-win-MediaFoundation: 216162199b28c13a410421893ffa2e32 -> 
  custom:video-decoder-ogg-theora: a1e56fd34408186e4bbccfd4996cb3dc -> 
  custom:container-muxer-webm: aa71ff27fc2769a1b78a27578f13a17b -> 
  custom:container-demuxer-webm: 4f35f7cbe854078d1ac9338744f61a02 -> 
  custom:container-demuxer-ogg: 62fdf1f143b41e24485cea50d1cbac27 -> 
  custom:video-encoder-webm-vp8: eb34c28f22e8b96e1ab97ce403110664 -> 
  custom:video-decoder-webm-vp8: 9c59270c3fd7afecdb556c50c9e8de78 -> 
  custom:audio-decoder-ogg-vorbis: bf7c407c2cedff20999df2af8eb42d56 -> 
  custom:audio-encoder-webm-vorbis: bf7c407c2cedff20999df2af8eb42d56 -> 
========================================================================
Received Import Request.
  Time since last request: 256.946631 seconds.
  path: Assets/Scripts/Quit.cs
  artifactKey: Guid(053d6fba04611b3408a4b34faa130bc7) Importer(815301076,1909f56bfc062723c751e8b465ee728b)
Start importing Assets/Scripts/Quit.cs using Guid(053d6fba04611b3408a4b34faa130bc7) Importer(815301076,1909f56bfc062723c751e8b465ee728b)  -> (artifact id: 'ab03d19df0e2e7527014d39d7b2244c3') in 0.918547 seconds 
  Import took 0.927605 seconds .

========================================================================
Received Prepare
Registering precompiled user dll's ...
Registered in 0.025039 seconds.
Begin MonoManager ReloadAssembly
Native extension for WindowsStandalone target not found
Refreshing native plugins compatible for Editor in 0.88 ms, found 2 plugins.
Preloading 0 native plugins for Editor in 0.00 ms.
Mono: successfully reloaded assembly
- Completed reload, in  2.081 seconds
Domain Reload Profiling:
	ReloadAssembly (2081ms)
		BeginReloadAssembly (163ms)
			ExecutionOrderSort (0ms)
			DisableScriptedObjects (7ms)
			BackupInstance (0ms)
			ReleaseScriptingObjects (0ms)
			CreateAndSetChildDomain (49ms)
		EndReloadAssembly (1799ms)
			LoadAssemblies (137ms)
			RebuildTransferFunctionScriptingTraits (0ms)
			SetupTypeCache (432ms)
			ReleaseScriptCaches (1ms)
			RebuildScriptCaches (64ms)
			SetupLoadedEditorAssemblies (1010ms)
				LogAssemblyErrors (0ms)
				InitializePlatformSupportModulesInManaged (6ms)
				SetLoadedEditorAssemblies (1ms)
				RefreshPlugins (1ms)
				BeforeProcessingInitializeOnLoad (115ms)
				ProcessInitializeOnLoadAttributes (871ms)
				ProcessInitializeOnLoadMethodAttributes (5ms)
				AfterProcessingInitializeOnLoad (11ms)
				EditorAssembliesLoaded (0ms)
			ExecutionOrderSort2 (0ms)
			AwakeInstancesAfterBackupRestoration (10ms)
Platform modules already initialized, skipping
Refreshing native plugins compatible for Editor in 1.06 ms, found 2 plugins.
Preloading 0 native plugins for Editor in 0.00 ms.
Unloading 1832 Unused Serialized files (Serialized files now loaded: 0)
System memory in use before: 87.5 MB.
System memory in use after: 87.6 MB.

Unloading 26 unused Assets to reduce memory usage. Loaded Objects now: 2326.
Total: 3.083100 ms (FindLiveObjects: 0.232200 ms CreateObjectMapping: 0.080200 ms MarkObjects: 2.622700 ms  DeleteObjects: 0.145900 ms)

AssetImportParameters requested are different than current active one (requested -> active):
  custom:framework-win-MediaFoundation: 216162199b28c13a410421893ffa2e32 -> 
  custom:video-decoder-ogg-theora: a1e56fd34408186e4bbccfd4996cb3dc -> 
  custom:container-muxer-webm: aa71ff27fc2769a1b78a27578f13a17b -> 
  custom:container-demuxer-webm: 4f35f7cbe854078d1ac9338744f61a02 -> 
  custom:container-demuxer-ogg: 62fdf1f143b41e24485cea50d1cbac27 -> 
  custom:video-encoder-webm-vp8: eb34c28f22e8b96e1ab97ce403110664 -> 
  custom:video-decoder-webm-vp8: 9c59270c3fd7afecdb556c50c9e8de78 -> 
  custom:audio-decoder-ogg-vorbis: bf7c407c2cedff20999df2af8eb42d56 -> 
  custom:audio-encoder-webm-vorbis: bf7c407c2cedff20999df2af8eb42d56 -> 
========================================================================
Received Import Request.
  Time since last request: 37.737312 seconds.
  path: Assets/Scripts/Quit.cs
  artifactKey: Guid(053d6fba04611b3408a4b34faa130bc7) Importer(815301076,1909f56bfc062723c751e8b465ee728b)
Start importing Assets/Scripts/Quit.cs using Guid(053d6fba04611b3408a4b34faa130bc7) Importer(815301076,1909f56bfc062723c751e8b465ee728b)  -> (artifact id: '22041e90881621667534e1f24d2a77cc') in 0.007535 seconds 
  Import took 0.013788 seconds .

========================================================================
Received Prepare
Registering precompiled user dll's ...
Registered in 0.011447 seconds.
Begin MonoManager ReloadAssembly
Native extension for WindowsStandalone target not found
Refreshing native plugins compatible for Editor in 0.85 ms, found 2 plugins.
Preloading 0 native plugins for Editor in 0.00 ms.
Mono: successfully reloaded assembly
- Completed reload, in  2.125 seconds
Domain Reload Profiling:
	ReloadAssembly (2125ms)
		BeginReloadAssembly (152ms)
			ExecutionOrderSort (0ms)
			DisableScriptedObjects (7ms)
			BackupInstance (0ms)
			ReleaseScriptingObjects (0ms)
			CreateAndSetChildDomain (43ms)
		EndReloadAssembly (1880ms)
			LoadAssemblies (140ms)
			RebuildTransferFunctionScriptingTraits (0ms)
			SetupTypeCache (457ms)
			ReleaseScriptCaches (1ms)
			RebuildScriptCaches (68ms)
			SetupLoadedEditorAssemblies (1049ms)
				LogAssemblyErrors (0ms)
				InitializePlatformSupportModulesInManaged (6ms)
				SetLoadedEditorAssemblies (1ms)
				RefreshPlugins (1ms)
				BeforeProcessingInitializeOnLoad (112ms)
				ProcessInitializeOnLoadAttributes (913ms)
				ProcessInitializeOnLoadMethodAttributes (6ms)
				AfterProcessingInitializeOnLoad (10ms)
				EditorAssembliesLoaded (0ms)
			ExecutionOrderSort2 (0ms)
			AwakeInstancesAfterBackupRestoration (10ms)
Platform modules already initialized, skipping
Refreshing native plugins compatible for Editor in 0.98 ms, found 2 plugins.
Preloading 0 native plugins for Editor in 0.00 ms.
Unloading 1832 Unused Serialized files (Serialized files now loaded: 0)
System memory in use before: 87.6 MB.
System memory in use after: 87.6 MB.

Unloading 26 unused Assets to reduce memory usage. Loaded Objects now: 2329.
Total: 3.142600 ms (FindLiveObjects: 0.190200 ms CreateObjectMapping: 0.076600 ms MarkObjects: 2.785300 ms  DeleteObjects: 0.088500 ms)

AssetImportParameters requested are different than current active one (requested -> active):
  custom:framework-win-MediaFoundation: 216162199b28c13a410421893ffa2e32 -> 
  custom:video-decoder-ogg-theora: a1e56fd34408186e4bbccfd4996cb3dc -> 
  custom:container-muxer-webm: aa71ff27fc2769a1b78a27578f13a17b -> 
  custom:container-demuxer-webm: 4f35f7cbe854078d1ac9338744f61a02 -> 
  custom:container-demuxer-ogg: 62fdf1f143b41e24485cea50d1cbac27 -> 
  custom:video-encoder-webm-vp8: eb34c28f22e8b96e1ab97ce403110664 -> 
  custom:video-decoder-webm-vp8: 9c59270c3fd7afecdb556c50c9e8de78 -> 
  custom:audio-decoder-ogg-vorbis: bf7c407c2cedff20999df2af8eb42d56 -> 
  custom:audio-encoder-webm-vorbis: bf7c407c2cedff20999df2af8eb42d56 -> 
========================================================================
Received Import Request.
  Time since last request: 63.284973 seconds.
  path: Assets/Scripts/Quit.cs
  artifactKey: Guid(053d6fba04611b3408a4b34faa130bc7) Importer(815301076,1909f56bfc062723c751e8b465ee728b)
Start importing Assets/Scripts/Quit.cs using Guid(053d6fba04611b3408a4b34faa130bc7) Importer(815301076,1909f56bfc062723c751e8b465ee728b)  -> (artifact id: '3e75b34aba65011a562ecf4a62b09eaa') in 0.009008 seconds 
  Import took 0.015213 seconds .

========================================================================
Received Prepare
Registering precompiled user dll's ...
Registered in 0.019423 seconds.
Begin MonoManager ReloadAssembly
Native extension for WindowsStandalone target not found
Refreshing native plugins compatible for Editor in 0.91 ms, found 2 plugins.
Preloading 0 native plugins for Editor in 0.00 ms.
Mono: successfully reloaded assembly
- Completed reload, in  2.215 seconds
Domain Reload Profiling:
	ReloadAssembly (2216ms)
		BeginReloadAssembly (151ms)
			ExecutionOrderSort (0ms)
			DisableScriptedObjects (9ms)
			BackupInstance (0ms)
			ReleaseScriptingObjects (0ms)
			CreateAndSetChildDomain (44ms)
		EndReloadAssembly (1966ms)
			LoadAssemblies (141ms)
			RebuildTransferFunctionScriptingTraits (0ms)
			SetupTypeCache (483ms)
			ReleaseScriptCaches (1ms)
			RebuildScriptCaches (69ms)
			SetupLoadedEditorAssemblies (1094ms)
				LogAssemblyErrors (0ms)
				InitializePlatformSupportModulesInManaged (7ms)
				SetLoadedEditorAssemblies (2ms)
				RefreshPlugins (1ms)
				BeforeProcessingInitializeOnLoad (126ms)
				ProcessInitializeOnLoadAttributes (941ms)
				ProcessInitializeOnLoadMethodAttributes (6ms)
				AfterProcessingInitializeOnLoad (10ms)
				EditorAssembliesLoaded (0ms)
			ExecutionOrderSort2 (0ms)
			AwakeInstancesAfterBackupRestoration (10ms)
Platform modules already initialized, skipping
Refreshing native plugins compatible for Editor in 1.06 ms, found 2 plugins.
Preloading 0 native plugins for Editor in 0.00 ms.
Unloading 1832 Unused Serialized files (Serialized files now loaded: 0)
System memory in use before: 87.6 MB.
System memory in use after: 87.7 MB.

Unloading 26 unused Assets to reduce memory usage. Loaded Objects now: 2332.
Total: 3.977500 ms (FindLiveObjects: 0.208400 ms CreateObjectMapping: 0.082200 ms MarkObjects: 3.574000 ms  DeleteObjects: 0.110800 ms)

AssetImportParameters requested are different than current active one (requested -> active):
  custom:framework-win-MediaFoundation: 216162199b28c13a410421893ffa2e32 -> 
  custom:video-decoder-ogg-theora: a1e56fd34408186e4bbccfd4996cb3dc -> 
  custom:container-muxer-webm: aa71ff27fc2769a1b78a27578f13a17b -> 
  custom:container-demuxer-webm: 4f35f7cbe854078d1ac9338744f61a02 -> 
  custom:container-demuxer-ogg: 62fdf1f143b41e24485cea50d1cbac27 -> 
  custom:video-encoder-webm-vp8: eb34c28f22e8b96e1ab97ce403110664 -> 
  custom:video-decoder-webm-vp8: 9c59270c3fd7afecdb556c50c9e8de78 -> 
  custom:audio-decoder-ogg-vorbis: bf7c407c2cedff20999df2af8eb42d56 -> 
  custom:audio-encoder-webm-vorbis: bf7c407c2cedff20999df2af8eb42d56 -> 
========================================================================
Received Prepare
Registering precompiled user dll's ...
Registered in 0.032066 seconds.
Begin MonoManager ReloadAssembly
Native extension for WindowsStandalone target not found
Refreshing native plugins compatible for Editor in 1.06 ms, found 2 plugins.
Preloading 0 native plugins for Editor in 0.00 ms.
Mono: successfully reloaded assembly
- Completed reload, in  2.308 seconds
Domain Reload Profiling:
	ReloadAssembly (2309ms)
		BeginReloadAssembly (147ms)
			ExecutionOrderSort (0ms)
			DisableScriptedObjects (11ms)
			BackupInstance (0ms)
			ReleaseScriptingObjects (0ms)
			CreateAndSetChildDomain (45ms)
		EndReloadAssembly (2055ms)
			LoadAssemblies (145ms)
			RebuildTransferFunctionScriptingTraits (0ms)
			SetupTypeCache (491ms)
			ReleaseScriptCaches (1ms)
			RebuildScriptCaches (71ms)
			SetupLoadedEditorAssemblies (1172ms)
				LogAssemblyErrors (0ms)
				InitializePlatformSupportModulesInManaged (7ms)
				SetLoadedEditorAssemblies (1ms)
				RefreshPlugins (1ms)
				BeforeProcessingInitializeOnLoad (123ms)
				ProcessInitializeOnLoadAttributes (1022ms)
				ProcessInitializeOnLoadMethodAttributes (6ms)
				AfterProcessingInitializeOnLoad (10ms)
				EditorAssembliesLoaded (0ms)
			ExecutionOrderSort2 (0ms)
			AwakeInstancesAfterBackupRestoration (11ms)
Platform modules already initialized, skipping
Refreshing native plugins compatible for Editor in 1.21 ms, found 2 plugins.
Preloading 0 native plugins for Editor in 0.00 ms.
Unloading 1832 Unused Serialized files (Serialized files now loaded: 0)
System memory in use before: 87.6 MB.
System memory in use after: 87.7 MB.

Unloading 26 unused Assets to reduce memory usage. Loaded Objects now: 2335.
Total: 3.276100 ms (FindLiveObjects: 0.211500 ms CreateObjectMapping: 0.079000 ms MarkObjects: 2.892400 ms  DeleteObjects: 0.091500 ms)

AssetImportParameters requested are different than current active one (requested -> active):
  custom:framework-win-MediaFoundation: 216162199b28c13a410421893ffa2e32 -> 
  custom:video-decoder-ogg-theora: a1e56fd34408186e4bbccfd4996cb3dc -> 
  custom:container-muxer-webm: aa71ff27fc2769a1b78a27578f13a17b -> 
  custom:container-demuxer-webm: 4f35f7cbe854078d1ac9338744f61a02 -> 
  custom:container-demuxer-ogg: 62fdf1f143b41e24485cea50d1cbac27 -> 
  custom:video-encoder-webm-vp8: eb34c28f22e8b96e1ab97ce403110664 -> 
  custom:video-decoder-webm-vp8: 9c59270c3fd7afecdb556c50c9e8de78 -> 
  custom:audio-decoder-ogg-vorbis: bf7c407c2cedff20999df2af8eb42d56 -> 
  custom:audio-encoder-webm-vorbis: bf7c407c2cedff20999df2af8eb42d56 -> 
========================================================================
Received Prepare
Registering precompiled user dll's ...
Registered in 0.014363 seconds.
Begin MonoManager ReloadAssembly
Native extension for WindowsStandalone target not found
Refreshing native plugins compatible for Editor in 0.89 ms, found 2 plugins.
Preloading 0 native plugins for Editor in 0.00 ms.
Mono: successfully reloaded assembly
- Completed reload, in  2.225 seconds
Domain Reload Profiling:
	ReloadAssembly (2225ms)
		BeginReloadAssembly (148ms)
			ExecutionOrderSort (0ms)
			DisableScriptedObjects (7ms)
			BackupInstance (0ms)
			ReleaseScriptingObjects (0ms)
			CreateAndSetChildDomain (46ms)
		EndReloadAssembly (1969ms)
			LoadAssemblies (147ms)
			RebuildTransferFunctionScriptingTraits (0ms)
			SetupTypeCache (478ms)
			ReleaseScriptCaches (3ms)
			RebuildScriptCaches (66ms)
			SetupLoadedEditorAssemblies (1098ms)
				LogAssemblyErrors (0ms)
				InitializePlatformSupportModulesInManaged (8ms)
				SetLoadedEditorAssemblies (1ms)
				RefreshPlugins (1ms)
				BeforeProcessingInitializeOnLoad (133ms)
				ProcessInitializeOnLoadAttributes (937ms)
				ProcessInitializeOnLoadMethodAttributes (6ms)
				AfterProcessingInitializeOnLoad (11ms)
				EditorAssembliesLoaded (0ms)
			ExecutionOrderSort2 (0ms)
			AwakeInstancesAfterBackupRestoration (11ms)
Platform modules already initialized, skipping
Refreshing native plugins compatible for Editor in 0.98 ms, found 2 plugins.
Preloading 0 native plugins for Editor in 0.00 ms.
Unloading 1832 Unused Serialized files (Serialized files now loaded: 0)
System memory in use before: 87.6 MB.
System memory in use after: 87.7 MB.

Unloading 26 unused Assets to reduce memory usage. Loaded Objects now: 2338.
Total: 3.011500 ms (FindLiveObjects: 0.221200 ms CreateObjectMapping: 0.077700 ms MarkObjects: 2.618300 ms  DeleteObjects: 0.092200 ms)

AssetImportParameters requested are different than current active one (requested -> active):
  custom:framework-win-MediaFoundation: 216162199b28c13a410421893ffa2e32 -> 
  custom:video-decoder-ogg-theora: a1e56fd34408186e4bbccfd4996cb3dc -> 
  custom:container-muxer-webm: aa71ff27fc2769a1b78a27578f13a17b -> 
  custom:container-demuxer-webm: 4f35f7cbe854078d1ac9338744f61a02 -> 
  custom:container-demuxer-ogg: 62fdf1f143b41e24485cea50d1cbac27 -> 
  custom:video-encoder-webm-vp8: eb34c28f22e8b96e1ab97ce403110664 -> 
  custom:video-decoder-webm-vp8: 9c59270c3fd7afecdb556c50c9e8de78 -> 
  custom:audio-decoder-ogg-vorbis: bf7c407c2cedff20999df2af8eb42d56 -> 
  custom:audio-encoder-webm-vorbis: bf7c407c2cedff20999df2af8eb42d56 -> 
========================================================================
Received Prepare
Registering precompiled user dll's ...
Registered in 0.012331 seconds.
Begin MonoManager ReloadAssembly
Native extension for WindowsStandalone target not found
Refreshing native plugins compatible for Editor in 0.87 ms, found 2 plugins.
Preloading 0 native plugins for Editor in 0.00 ms.
Mono: successfully reloaded assembly
- Completed reload, in  2.262 seconds
Domain Reload Profiling:
	ReloadAssembly (2263ms)
		BeginReloadAssembly (170ms)
			ExecutionOrderSort (0ms)
			DisableScriptedObjects (8ms)
			BackupInstance (0ms)
			ReleaseScriptingObjects (0ms)
			CreateAndSetChildDomain (44ms)
		EndReloadAssembly (1986ms)
			LoadAssemblies (155ms)
			RebuildTransferFunctionScriptingTraits (0ms)
			SetupTypeCache (476ms)
			ReleaseScriptCaches (1ms)
			RebuildScriptCaches (70ms)
			SetupLoadedEditorAssemblies (1108ms)
				LogAssemblyErrors (0ms)
				InitializePlatformSupportModulesInManaged (10ms)
				SetLoadedEditorAssemblies (2ms)
				RefreshPlugins (1ms)
				BeforeProcessingInitializeOnLoad (137ms)
				ProcessInitializeOnLoadAttributes (939ms)
				ProcessInitializeOnLoadMethodAttributes (6ms)
				AfterProcessingInitializeOnLoad (11ms)
				EditorAssembliesLoaded (1ms)
			ExecutionOrderSort2 (0ms)
			AwakeInstancesAfterBackupRestoration (11ms)
Platform modules already initialized, skipping
Refreshing native plugins compatible for Editor in 1.08 ms, found 2 plugins.
Preloading 0 native plugins for Editor in 0.00 ms.
Unloading 1832 Unused Serialized files (Serialized files now loaded: 0)
System memory in use before: 87.6 MB.
System memory in use after: 87.7 MB.

Unloading 26 unused Assets to reduce memory usage. Loaded Objects now: 2341.
Total: 2.982200 ms (FindLiveObjects: 0.213400 ms CreateObjectMapping: 0.076800 ms MarkObjects: 2.598900 ms  DeleteObjects: 0.090600 ms)

AssetImportParameters requested are different than current active one (requested -> active):
  custom:framework-win-MediaFoundation: 216162199b28c13a410421893ffa2e32 -> 
  custom:video-decoder-ogg-theora: a1e56fd34408186e4bbccfd4996cb3dc -> 
  custom:container-muxer-webm: aa71ff27fc2769a1b78a27578f13a17b -> 
  custom:container-demuxer-webm: 4f35f7cbe854078d1ac9338744f61a02 -> 
  custom:container-demuxer-ogg: 62fdf1f143b41e24485cea50d1cbac27 -> 
  custom:video-encoder-webm-vp8: eb34c28f22e8b96e1ab97ce403110664 -> 
  custom:video-decoder-webm-vp8: 9c59270c3fd7afecdb556c50c9e8de78 -> 
  custom:audio-decoder-ogg-vorbis: bf7c407c2cedff20999df2af8eb42d56 -> 
  custom:audio-encoder-webm-vorbis: bf7c407c2cedff20999df2af8eb42d56 -> 
========================================================================
Received Prepare
Registering precompiled user dll's ...
Registered in 0.013715 seconds.
Begin MonoManager ReloadAssembly
Native extension for WindowsStandalone target not found
Refreshing native plugins compatible for Editor in 0.87 ms, found 2 plugins.
Preloading 0 native plugins for Editor in 0.00 ms.
Mono: successfully reloaded assembly
- Completed reload, in  2.175 seconds
Domain Reload Profiling:
	ReloadAssembly (2176ms)
		BeginReloadAssembly (171ms)
			ExecutionOrderSort (0ms)
			DisableScriptedObjects (7ms)
			BackupInstance (0ms)
			ReleaseScriptingObjects (0ms)
			CreateAndSetChildDomain (43ms)
		EndReloadAssembly (1899ms)
			LoadAssemblies (253ms)
			RebuildTransferFunctionScriptingTraits (0ms)
			SetupTypeCache (428ms)
			ReleaseScriptCaches (1ms)
			RebuildScriptCaches (62ms)
			SetupLoadedEditorAssemblies (990ms)
				LogAssemblyErrors (0ms)
				InitializePlatformSupportModulesInManaged (6ms)
				SetLoadedEditorAssemblies (1ms)
				RefreshPlugins (1ms)
				BeforeProcessingInitializeOnLoad (110ms)
				ProcessInitializeOnLoadAttributes (857ms)
				ProcessInitializeOnLoadMethodAttributes (5ms)
				AfterProcessingInitializeOnLoad (9ms)
				EditorAssembliesLoaded (0ms)
			ExecutionOrderSort2 (0ms)
			AwakeInstancesAfterBackupRestoration (10ms)
Platform modules already initialized, skipping
Refreshing native plugins compatible for Editor in 0.93 ms, found 2 plugins.
Preloading 0 native plugins for Editor in 0.00 ms.
Unloading 1832 Unused Serialized files (Serialized files now loaded: 0)
System memory in use before: 87.6 MB.
System memory in use after: 87.7 MB.

Unloading 26 unused Assets to reduce memory usage. Loaded Objects now: 2344.
Total: 2.864300 ms (FindLiveObjects: 0.202800 ms CreateObjectMapping: 0.077700 ms MarkObjects: 2.501700 ms  DeleteObjects: 0.080000 ms)

AssetImportParameters requested are different than current active one (requested -> active):
  custom:framework-win-MediaFoundation: 216162199b28c13a410421893ffa2e32 -> 
  custom:video-decoder-ogg-theora: a1e56fd34408186e4bbccfd4996cb3dc -> 
  custom:container-muxer-webm: aa71ff27fc2769a1b78a27578f13a17b -> 
  custom:container-demuxer-webm: 4f35f7cbe854078d1ac9338744f61a02 -> 
  custom:container-demuxer-ogg: 62fdf1f143b41e24485cea50d1cbac27 -> 
  custom:video-encoder-webm-vp8: eb34c28f22e8b96e1ab97ce403110664 -> 
  custom:video-decoder-webm-vp8: 9c59270c3fd7afecdb556c50c9e8de78 -> 
  custom:audio-decoder-ogg-vorbis: bf7c407c2cedff20999df2af8eb42d56 -> 
  custom:audio-encoder-webm-vorbis: bf7c407c2cedff20999df2af8eb42d56 -> 
AssetImportWorkerClient::OnTransportError - code=2 error=End of file
