Using pre-set license
Built from '2020.3/release' branch; Version is '2020.3.15f2 (6cf78cb77498) revision 7141260'; Using compiler version '192528614'; Build Type 'Release'
OS: 'Windows 10 Pro; OS build 19043.1237; Version 2009; 64bit' Language: 'es' Physical Memory: 6102 MB
BatchMode: 1, IsHumanControllingUs: 0, StartBugReporterOnCrash: 0, Is64bit: 1, IsPro: 0

 COMMAND LINE ARGUMENTS:
C:\Program Files\Unity\Hub\Editor\2020.3.15f2\Editor\Unity.exe
-adb2
-batchMode
-noUpm
-name
AssetImportWorker0
-projectPath
C:/Users/Hitomi/Desktop/Proyecto/Emotiv/Emotiv/Emotive
-logFile
Logs/AssetImportWorker0.log
-srvPort
54687
Successfully changed project path to: C:/Users/Hitomi/Desktop/Proyecto/Emotiv/Emotiv/Emotive
C:/Users/Hitomi/Desktop/Proyecto/Emotiv/Emotiv/Emotive
Using Asset Import Pipeline V2.
Refreshing native plugins compatible for Editor in 94.08 ms, found 2 plugins.
Preloading 0 native plugins for Editor in 0.00 ms.
Initialize engine version: 2020.3.15f2 (6cf78cb77498)
[Subsystems] Discovering subsystems at path C:/Program Files/Unity/Hub/Editor/2020.3.15f2/Editor/Data/Resources/UnitySubsystems
[Subsystems] Discovering subsystems at path C:/Users/Hitomi/Desktop/Proyecto/Emotiv/Emotiv/Emotive/Assets
GfxDevice: creating device client; threaded=0
Direct3D:
    Version:  Direct3D 11.0 [level 10.1]
    Renderer: NVIDIA GeForce 210  (ID=0xa65)
    Vendor:   
    VRAM:     972 MB
    Driver:   21.21.13.4201
Initialize mono
Mono path[0] = 'C:/Program Files/Unity/Hub/Editor/2020.3.15f2/Editor/Data/Managed'
Mono path[1] = 'C:/Program Files/Unity/Hub/Editor/2020.3.15f2/Editor/Data/MonoBleedingEdge/lib/mono/unityjit'
Mono config path = 'C:/Program Files/Unity/Hub/Editor/2020.3.15f2/Editor/Data/MonoBleedingEdge/etc'
Using monoOptions --debugger-agent=transport=dt_socket,embedding=1,server=y,suspend=n,address=127.0.0.1:56912
Begin MonoManager ReloadAssembly
Registering precompiled unity dll's ...
Register platform support module: C:/Program Files/Unity/Hub/Editor/2020.3.15f2/Editor/Data/PlaybackEngines/WindowsStandaloneSupport/UnityEditor.WindowsStandalone.Extensions.dll
Registered in 0.002842 seconds.
Native extension for WindowsStandalone target not found
Refreshing native plugins compatible for Editor in 124.03 ms, found 2 plugins.
Preloading 0 native plugins for Editor in 0.00 ms.
Mono: successfully reloaded assembly
- Completed reload, in  3.876 seconds
Domain Reload Profiling:
	ReloadAssembly (3876ms)
		BeginReloadAssembly (87ms)
			ExecutionOrderSort (0ms)
			DisableScriptedObjects (0ms)
			BackupInstance (0ms)
			ReleaseScriptingObjects (0ms)
			CreateAndSetChildDomain (1ms)
		EndReloadAssembly (897ms)
			LoadAssemblies (83ms)
			RebuildTransferFunctionScriptingTraits (0ms)
			SetupTypeCache (249ms)
			ReleaseScriptCaches (0ms)
			RebuildScriptCaches (53ms)
			SetupLoadedEditorAssemblies (477ms)
				LogAssemblyErrors (0ms)
				InitializePlatformSupportModulesInManaged (7ms)
				SetLoadedEditorAssemblies (0ms)
				RefreshPlugins (124ms)
				BeforeProcessingInitializeOnLoad (70ms)
				ProcessInitializeOnLoadAttributes (184ms)
				ProcessInitializeOnLoadMethodAttributes (91ms)
				AfterProcessingInitializeOnLoad (0ms)
				EditorAssembliesLoaded (0ms)
			ExecutionOrderSort2 (0ms)
			AwakeInstancesAfterBackupRestoration (0ms)
Platform modules already initialized, skipping
Registering precompiled user dll's ...
Registered in 0.021880 seconds.
Begin MonoManager ReloadAssembly
Native extension for WindowsStandalone target not found
Refreshing native plugins compatible for Editor in 1.49 ms, found 2 plugins.
Preloading 0 native plugins for Editor in 0.00 ms.
DisplayProgressbar: Restoring NuGet Packages
Mono: successfully reloaded assembly
- Completed reload, in  3.383 seconds
Domain Reload Profiling:
	ReloadAssembly (3384ms)
		BeginReloadAssembly (241ms)
			ExecutionOrderSort (0ms)
			DisableScriptedObjects (7ms)
			BackupInstance (0ms)
			ReleaseScriptingObjects (0ms)
			CreateAndSetChildDomain (24ms)
		EndReloadAssembly (3040ms)
			LoadAssemblies (151ms)
			RebuildTransferFunctionScriptingTraits (0ms)
			SetupTypeCache (575ms)
			ReleaseScriptCaches (1ms)
			RebuildScriptCaches (96ms)
			SetupLoadedEditorAssemblies (1699ms)
				LogAssemblyErrors (0ms)
				InitializePlatformSupportModulesInManaged (19ms)
				SetLoadedEditorAssemblies (1ms)
				RefreshPlugins (2ms)
				BeforeProcessingInitializeOnLoad (201ms)
				ProcessInitializeOnLoadAttributes (1459ms)
				ProcessInitializeOnLoadMethodAttributes (7ms)
				AfterProcessingInitializeOnLoad (10ms)
				EditorAssembliesLoaded (0ms)
			ExecutionOrderSort2 (0ms)
			AwakeInstancesAfterBackupRestoration (11ms)
Platform modules already initialized, skipping
========================================================================
Worker process is ready to serve import requests
Launched and connected shader compiler UnityShaderCompiler.exe after 0.12 seconds
Refreshing native plugins compatible for Editor in 1.06 ms, found 2 plugins.
Preloading 0 native plugins for Editor in 0.00 ms.
Unloading 1869 Unused Serialized files (Serialized files now loaded: 0)
System memory in use before: 87.9 MB.
System memory in use after: 88.0 MB.

Unloading 31 unused Assets to reduce memory usage. Loaded Objects now: 2306.
Total: 3.441600 ms (FindLiveObjects: 0.549000 ms CreateObjectMapping: 0.120300 ms MarkObjects: 2.639700 ms  DeleteObjects: 0.130300 ms)

AssetImportParameters requested are different than current active one (requested -> active):
  custom:framework-win-MediaFoundation: 216162199b28c13a410421893ffa2e32 -> 
  custom:video-decoder-ogg-theora: a1e56fd34408186e4bbccfd4996cb3dc -> 
  custom:container-muxer-webm: aa71ff27fc2769a1b78a27578f13a17b -> 
  custom:container-demuxer-webm: 4f35f7cbe854078d1ac9338744f61a02 -> 
  custom:container-demuxer-ogg: 62fdf1f143b41e24485cea50d1cbac27 -> 
  custom:video-encoder-webm-vp8: eb34c28f22e8b96e1ab97ce403110664 -> 
  custom:video-decoder-webm-vp8: 9c59270c3fd7afecdb556c50c9e8de78 -> 
  custom:audio-decoder-ogg-vorbis: bf7c407c2cedff20999df2af8eb42d56 -> 
  custom:audio-encoder-webm-vorbis: bf7c407c2cedff20999df2af8eb42d56 -> 
========================================================================
Received Import Request.
  path: Assets/Scripts/StartGame/InterfaceGame.cs
  artifactKey: Guid(21343fe1aed343043acb4e423a9fc6fb) Importer(815301076,1909f56bfc062723c751e8b465ee728b)
Start importing Assets/Scripts/StartGame/InterfaceGame.cs using Guid(21343fe1aed343043acb4e423a9fc6fb) Importer(815301076,1909f56bfc062723c751e8b465ee728b)  -> (artifact id: 'a3e1c35f8c43256cd8ed5969a21c812f') in 0.042854 seconds 
  Import took 0.047671 seconds .

========================================================================
Received Import Request.
  Time since last request: 27.286475 seconds.
  path: Assets/Scripts/StartGame/InterfaceGame.cs
  artifactKey: Guid(21343fe1aed343043acb4e423a9fc6fb) Importer(815301076,1909f56bfc062723c751e8b465ee728b)
Start importing Assets/Scripts/StartGame/InterfaceGame.cs using Guid(21343fe1aed343043acb4e423a9fc6fb) Importer(815301076,1909f56bfc062723c751e8b465ee728b)  -> (artifact id: '2504dc71aac2bdaebeba1c887a5b9698') in 0.008154 seconds 
  Import took 0.018707 seconds .

========================================================================
Received Import Request.
  Time since last request: 6.410253 seconds.
  path: Assets/Scripts/StartGame/InterfaceGame.cs
  artifactKey: Guid(21343fe1aed343043acb4e423a9fc6fb) Importer(815301076,1909f56bfc062723c751e8b465ee728b)
Start importing Assets/Scripts/StartGame/InterfaceGame.cs using Guid(21343fe1aed343043acb4e423a9fc6fb) Importer(815301076,1909f56bfc062723c751e8b465ee728b)  -> (artifact id: 'c210199c39279d4f17a4a5a395d74ca4') in 0.006738 seconds 
  Import took 0.012152 seconds .

========================================================================
Received Import Request.
  Time since last request: 8.760316 seconds.
  path: Assets/Scripts/StartGame/InterfaceGame.cs
  artifactKey: Guid(21343fe1aed343043acb4e423a9fc6fb) Importer(815301076,1909f56bfc062723c751e8b465ee728b)
Start importing Assets/Scripts/StartGame/InterfaceGame.cs using Guid(21343fe1aed343043acb4e423a9fc6fb) Importer(815301076,1909f56bfc062723c751e8b465ee728b)  -> (artifact id: '702b2364216ea208941c3d42fffcd809') in 0.005150 seconds 
  Import took 0.011011 seconds .

========================================================================
Received Prepare
Registering precompiled user dll's ...
Registered in 0.012894 seconds.
Begin MonoManager ReloadAssembly
Native extension for WindowsStandalone target not found
Refreshing native plugins compatible for Editor in 0.85 ms, found 2 plugins.
Preloading 0 native plugins for Editor in 0.00 ms.
Mono: successfully reloaded assembly
- Completed reload, in  2.239 seconds
Domain Reload Profiling:
	ReloadAssembly (2240ms)
		BeginReloadAssembly (176ms)
			ExecutionOrderSort (0ms)
			DisableScriptedObjects (7ms)
			BackupInstance (0ms)
			ReleaseScriptingObjects (0ms)
			CreateAndSetChildDomain (45ms)
		EndReloadAssembly (1958ms)
			LoadAssemblies (153ms)
			RebuildTransferFunctionScriptingTraits (0ms)
			SetupTypeCache (500ms)
			ReleaseScriptCaches (1ms)
			RebuildScriptCaches (63ms)
			SetupLoadedEditorAssemblies (1070ms)
				LogAssemblyErrors (0ms)
				InitializePlatformSupportModulesInManaged (7ms)
				SetLoadedEditorAssemblies (1ms)
				RefreshPlugins (1ms)
				BeforeProcessingInitializeOnLoad (123ms)
				ProcessInitializeOnLoadAttributes (922ms)
				ProcessInitializeOnLoadMethodAttributes (6ms)
				AfterProcessingInitializeOnLoad (10ms)
				EditorAssembliesLoaded (0ms)
			ExecutionOrderSort2 (0ms)
			AwakeInstancesAfterBackupRestoration (11ms)
Platform modules already initialized, skipping
Refreshing native plugins compatible for Editor in 1.07 ms, found 2 plugins.
Preloading 0 native plugins for Editor in 0.00 ms.
Unloading 1832 Unused Serialized files (Serialized files now loaded: 0)
System memory in use before: 84.8 MB.
System memory in use after: 84.9 MB.

Unloading 26 unused Assets to reduce memory usage. Loaded Objects now: 2309.
Total: 2.840500 ms (FindLiveObjects: 0.220200 ms CreateObjectMapping: 0.079200 ms MarkObjects: 2.450500 ms  DeleteObjects: 0.088500 ms)

AssetImportParameters requested are different than current active one (requested -> active):
  custom:framework-win-MediaFoundation: 216162199b28c13a410421893ffa2e32 -> 
  custom:video-decoder-ogg-theora: a1e56fd34408186e4bbccfd4996cb3dc -> 
  custom:container-muxer-webm: aa71ff27fc2769a1b78a27578f13a17b -> 
  custom:container-demuxer-webm: 4f35f7cbe854078d1ac9338744f61a02 -> 
  custom:container-demuxer-ogg: 62fdf1f143b41e24485cea50d1cbac27 -> 
  custom:video-encoder-webm-vp8: eb34c28f22e8b96e1ab97ce403110664 -> 
  custom:video-decoder-webm-vp8: 9c59270c3fd7afecdb556c50c9e8de78 -> 
  custom:audio-decoder-ogg-vorbis: bf7c407c2cedff20999df2af8eb42d56 -> 
  custom:audio-encoder-webm-vorbis: bf7c407c2cedff20999df2af8eb42d56 -> 
========================================================================
Received Import Request.
  Time since last request: 45.780544 seconds.
  path: Assets/Scripts/General/AssignedPoints.cs
  artifactKey: Guid(6e8f3e307f5862247a669d73a40ec5e9) Importer(815301076,1909f56bfc062723c751e8b465ee728b)
Start importing Assets/Scripts/General/AssignedPoints.cs using Guid(6e8f3e307f5862247a669d73a40ec5e9) Importer(815301076,1909f56bfc062723c751e8b465ee728b)  -> (artifact id: '1af0967fd5e051662d39ae4940e58edd') in 0.020947 seconds 
  Import took 0.028707 seconds .

========================================================================
Received Import Request.
  Time since last request: 26.010308 seconds.
  path: Assets/Scripts/Start/State.cs
  artifactKey: Guid(ef83b0a03009cc74ca6e201557ce53c7) Importer(815301076,1909f56bfc062723c751e8b465ee728b)
Start importing Assets/Scripts/Start/State.cs using Guid(ef83b0a03009cc74ca6e201557ce53c7) Importer(815301076,1909f56bfc062723c751e8b465ee728b)  -> (artifact id: '4e91131c7058e448148b3336078fcf08') in 0.010845 seconds 
  Import took 0.016550 seconds .

========================================================================
Received Prepare
Registering precompiled user dll's ...
Registered in 0.015459 seconds.
Begin MonoManager ReloadAssembly
Native extension for WindowsStandalone target not found
Refreshing native plugins compatible for Editor in 0.89 ms, found 2 plugins.
Preloading 0 native plugins for Editor in 0.00 ms.
Mono: successfully reloaded assembly
- Completed reload, in  2.114 seconds
Domain Reload Profiling:
	ReloadAssembly (2114ms)
		BeginReloadAssembly (194ms)
			ExecutionOrderSort (0ms)
			DisableScriptedObjects (50ms)
			BackupInstance (0ms)
			ReleaseScriptingObjects (0ms)
			CreateAndSetChildDomain (45ms)
		EndReloadAssembly (1823ms)
			LoadAssemblies (138ms)
			RebuildTransferFunctionScriptingTraits (0ms)
			SetupTypeCache (445ms)
			ReleaseScriptCaches (1ms)
			RebuildScriptCaches (64ms)
			SetupLoadedEditorAssemblies (1017ms)
				LogAssemblyErrors (0ms)
				InitializePlatformSupportModulesInManaged (6ms)
				SetLoadedEditorAssemblies (1ms)
				RefreshPlugins (1ms)
				BeforeProcessingInitializeOnLoad (115ms)
				ProcessInitializeOnLoadAttributes (880ms)
				ProcessInitializeOnLoadMethodAttributes (5ms)
				AfterProcessingInitializeOnLoad (9ms)
				EditorAssembliesLoaded (0ms)
			ExecutionOrderSort2 (0ms)
			AwakeInstancesAfterBackupRestoration (12ms)
Platform modules already initialized, skipping
Refreshing native plugins compatible for Editor in 0.96 ms, found 2 plugins.
Preloading 0 native plugins for Editor in 0.00 ms.
Unloading 1832 Unused Serialized files (Serialized files now loaded: 0)
System memory in use before: 84.9 MB.
System memory in use after: 85.0 MB.

Unloading 26 unused Assets to reduce memory usage. Loaded Objects now: 2312.
Total: 2.940500 ms (FindLiveObjects: 0.211700 ms CreateObjectMapping: 0.077200 ms MarkObjects: 2.558400 ms  DeleteObjects: 0.090800 ms)

AssetImportParameters requested are different than current active one (requested -> active):
  custom:framework-win-MediaFoundation: 216162199b28c13a410421893ffa2e32 -> 
  custom:video-decoder-ogg-theora: a1e56fd34408186e4bbccfd4996cb3dc -> 
  custom:container-muxer-webm: aa71ff27fc2769a1b78a27578f13a17b -> 
  custom:container-demuxer-webm: 4f35f7cbe854078d1ac9338744f61a02 -> 
  custom:container-demuxer-ogg: 62fdf1f143b41e24485cea50d1cbac27 -> 
  custom:video-encoder-webm-vp8: eb34c28f22e8b96e1ab97ce403110664 -> 
  custom:video-decoder-webm-vp8: 9c59270c3fd7afecdb556c50c9e8de78 -> 
  custom:audio-decoder-ogg-vorbis: bf7c407c2cedff20999df2af8eb42d56 -> 
  custom:audio-encoder-webm-vorbis: bf7c407c2cedff20999df2af8eb42d56 -> 
========================================================================
Received Import Request.
  Time since last request: 99.112954 seconds.
  path: Assets/Scripts/Start/State.cs
  artifactKey: Guid(ef83b0a03009cc74ca6e201557ce53c7) Importer(815301076,1909f56bfc062723c751e8b465ee728b)
Start importing Assets/Scripts/Start/State.cs using Guid(ef83b0a03009cc74ca6e201557ce53c7) Importer(815301076,1909f56bfc062723c751e8b465ee728b)  -> (artifact id: 'd253df28f6a5245a704013afc52d552d') in 0.012548 seconds 
  Import took 0.017600 seconds .

========================================================================
Received Import Request.
  Time since last request: 8.486083 seconds.
  path: Assets/Scripts/Start/State.cs
  artifactKey: Guid(ef83b0a03009cc74ca6e201557ce53c7) Importer(815301076,1909f56bfc062723c751e8b465ee728b)
Start importing Assets/Scripts/Start/State.cs using Guid(ef83b0a03009cc74ca6e201557ce53c7) Importer(815301076,1909f56bfc062723c751e8b465ee728b)  -> (artifact id: 'd253df28f6a5245a704013afc52d552d') in 0.005341 seconds 
  Import took 0.009355 seconds .

========================================================================
Received Prepare
Registering precompiled user dll's ...
Registered in 0.018347 seconds.
Begin MonoManager ReloadAssembly
Native extension for WindowsStandalone target not found
Refreshing native plugins compatible for Editor in 0.83 ms, found 2 plugins.
Preloading 0 native plugins for Editor in 0.00 ms.
Mono: successfully reloaded assembly
- Completed reload, in  2.077 seconds
Domain Reload Profiling:
	ReloadAssembly (2077ms)
		BeginReloadAssembly (177ms)
			ExecutionOrderSort (0ms)
			DisableScriptedObjects (7ms)
			BackupInstance (0ms)
			ReleaseScriptingObjects (0ms)
			CreateAndSetChildDomain (46ms)
		EndReloadAssembly (1803ms)
			LoadAssemblies (160ms)
			RebuildTransferFunctionScriptingTraits (0ms)
			SetupTypeCache (485ms)
			ReleaseScriptCaches (1ms)
			RebuildScriptCaches (66ms)
			SetupLoadedEditorAssemblies (952ms)
				LogAssemblyErrors (0ms)
				InitializePlatformSupportModulesInManaged (6ms)
				SetLoadedEditorAssemblies (1ms)
				RefreshPlugins (1ms)
				BeforeProcessingInitializeOnLoad (112ms)
				ProcessInitializeOnLoadAttributes (818ms)
				ProcessInitializeOnLoadMethodAttributes (6ms)
				AfterProcessingInitializeOnLoad (9ms)
				EditorAssembliesLoaded (0ms)
			ExecutionOrderSort2 (0ms)
			AwakeInstancesAfterBackupRestoration (9ms)
Platform modules already initialized, skipping
Refreshing native plugins compatible for Editor in 0.94 ms, found 2 plugins.
Preloading 0 native plugins for Editor in 0.00 ms.
Unloading 1832 Unused Serialized files (Serialized files now loaded: 0)
System memory in use before: 84.9 MB.
System memory in use after: 85.0 MB.

Unloading 26 unused Assets to reduce memory usage. Loaded Objects now: 2315.
Total: 3.100400 ms (FindLiveObjects: 0.195000 ms CreateObjectMapping: 0.075900 ms MarkObjects: 2.712200 ms  DeleteObjects: 0.107900 ms)

AssetImportParameters requested are different than current active one (requested -> active):
  custom:framework-win-MediaFoundation: 216162199b28c13a410421893ffa2e32 -> 
  custom:video-decoder-ogg-theora: a1e56fd34408186e4bbccfd4996cb3dc -> 
  custom:container-muxer-webm: aa71ff27fc2769a1b78a27578f13a17b -> 
  custom:container-demuxer-webm: 4f35f7cbe854078d1ac9338744f61a02 -> 
  custom:container-demuxer-ogg: 62fdf1f143b41e24485cea50d1cbac27 -> 
  custom:video-encoder-webm-vp8: eb34c28f22e8b96e1ab97ce403110664 -> 
  custom:video-decoder-webm-vp8: 9c59270c3fd7afecdb556c50c9e8de78 -> 
  custom:audio-decoder-ogg-vorbis: bf7c407c2cedff20999df2af8eb42d56 -> 
  custom:audio-encoder-webm-vorbis: bf7c407c2cedff20999df2af8eb42d56 -> 
========================================================================
Received Import Request.
  Time since last request: 150.919809 seconds.
  path: Assets/Scripts/Start/State.cs
  artifactKey: Guid(ef83b0a03009cc74ca6e201557ce53c7) Importer(815301076,1909f56bfc062723c751e8b465ee728b)
Start importing Assets/Scripts/Start/State.cs using Guid(ef83b0a03009cc74ca6e201557ce53c7) Importer(815301076,1909f56bfc062723c751e8b465ee728b)  -> (artifact id: '338f549d018ce5871e949e6b23f12f9f') in 0.006942 seconds 
  Import took 0.012042 seconds .

========================================================================
Received Prepare
Registering precompiled user dll's ...
Registered in 0.011847 seconds.
Begin MonoManager ReloadAssembly
Native extension for WindowsStandalone target not found
Refreshing native plugins compatible for Editor in 1.51 ms, found 2 plugins.
Preloading 0 native plugins for Editor in 0.00 ms.
Mono: successfully reloaded assembly
- Completed reload, in  2.074 seconds
Domain Reload Profiling:
	ReloadAssembly (2075ms)
		BeginReloadAssembly (162ms)
			ExecutionOrderSort (0ms)
			DisableScriptedObjects (7ms)
			BackupInstance (0ms)
			ReleaseScriptingObjects (0ms)
			CreateAndSetChildDomain (44ms)
		EndReloadAssembly (1817ms)
			LoadAssemblies (138ms)
			RebuildTransferFunctionScriptingTraits (0ms)
			SetupTypeCache (458ms)
			ReleaseScriptCaches (1ms)
			RebuildScriptCaches (64ms)
			SetupLoadedEditorAssemblies (989ms)
				LogAssemblyErrors (0ms)
				InitializePlatformSupportModulesInManaged (6ms)
				SetLoadedEditorAssemblies (1ms)
				RefreshPlugins (2ms)
				BeforeProcessingInitializeOnLoad (116ms)
				ProcessInitializeOnLoadAttributes (849ms)
				ProcessInitializeOnLoadMethodAttributes (6ms)
				AfterProcessingInitializeOnLoad (9ms)
				EditorAssembliesLoaded (0ms)
			ExecutionOrderSort2 (0ms)
			AwakeInstancesAfterBackupRestoration (9ms)
Platform modules already initialized, skipping
Refreshing native plugins compatible for Editor in 0.92 ms, found 2 plugins.
Preloading 0 native plugins for Editor in 0.00 ms.
Unloading 1832 Unused Serialized files (Serialized files now loaded: 0)
System memory in use before: 84.9 MB.
System memory in use after: 85.0 MB.

Unloading 26 unused Assets to reduce memory usage. Loaded Objects now: 2318.
Total: 2.889200 ms (FindLiveObjects: 0.187700 ms CreateObjectMapping: 0.077500 ms MarkObjects: 2.537300 ms  DeleteObjects: 0.084800 ms)

AssetImportParameters requested are different than current active one (requested -> active):
  custom:framework-win-MediaFoundation: 216162199b28c13a410421893ffa2e32 -> 
  custom:video-decoder-ogg-theora: a1e56fd34408186e4bbccfd4996cb3dc -> 
  custom:container-muxer-webm: aa71ff27fc2769a1b78a27578f13a17b -> 
  custom:container-demuxer-webm: 4f35f7cbe854078d1ac9338744f61a02 -> 
  custom:container-demuxer-ogg: 62fdf1f143b41e24485cea50d1cbac27 -> 
  custom:video-encoder-webm-vp8: eb34c28f22e8b96e1ab97ce403110664 -> 
  custom:video-decoder-webm-vp8: 9c59270c3fd7afecdb556c50c9e8de78 -> 
  custom:audio-decoder-ogg-vorbis: bf7c407c2cedff20999df2af8eb42d56 -> 
  custom:audio-encoder-webm-vorbis: bf7c407c2cedff20999df2af8eb42d56 -> 
========================================================================
Received Import Request.
  Time since last request: 64.292827 seconds.
  path: Assets/Scripts/Start/State.cs
  artifactKey: Guid(ef83b0a03009cc74ca6e201557ce53c7) Importer(815301076,1909f56bfc062723c751e8b465ee728b)
Start importing Assets/Scripts/Start/State.cs using Guid(ef83b0a03009cc74ca6e201557ce53c7) Importer(815301076,1909f56bfc062723c751e8b465ee728b)  -> (artifact id: '85298901c32dc57af13f072e826696ed') in 0.007097 seconds 
  Import took 0.012356 seconds .

========================================================================
Received Import Request.
  Time since last request: 52.381426 seconds.
  path: Assets/PackagesCustom/DoozyUI/Resources/DUI/Animations/In/Uncategorized/DefaultPreset.asset
  artifactKey: Guid(c6f98780d88d8b44bbdb1849c3916c1e) Importer(815301076,1909f56bfc062723c751e8b465ee728b)
Start importing Assets/PackagesCustom/DoozyUI/Resources/DUI/Animations/In/Uncategorized/DefaultPreset.asset using Guid(c6f98780d88d8b44bbdb1849c3916c1e) Importer(815301076,1909f56bfc062723c751e8b465ee728b)  -> (artifact id: '894e90ec0bcc405378d3105fb1c4397e') in 0.038471 seconds 
  Import took 0.044748 seconds .

========================================================================
Received Import Request.
  Time since last request: 0.000278 seconds.
  path: Assets/PackagesCustom/DoozyUI/Resources/DUI/Animations/Punch/Uncategorized/DefaultPreset.asset
  artifactKey: Guid(39385e644d8acf941b723063db0d876b) Importer(815301076,1909f56bfc062723c751e8b465ee728b)
Start importing Assets/PackagesCustom/DoozyUI/Resources/DUI/Animations/Punch/Uncategorized/DefaultPreset.asset using Guid(39385e644d8acf941b723063db0d876b) Importer(815301076,1909f56bfc062723c751e8b465ee728b)  -> (artifact id: '789e696e81df44ee28478dd85fccb396') in 0.008260 seconds 
  Import took 0.013117 seconds .

========================================================================
Received Import Request.
  Time since last request: 0.000313 seconds.
  path: Assets/PackagesCustom/DoozyUI/Resources/DUI/Animations/Loop/Uncategorized/DefaultPreset.asset
  artifactKey: Guid(2d6f75b0f23fec14798f41801b48dcf8) Importer(815301076,1909f56bfc062723c751e8b465ee728b)
Start importing Assets/PackagesCustom/DoozyUI/Resources/DUI/Animations/Loop/Uncategorized/DefaultPreset.asset using Guid(2d6f75b0f23fec14798f41801b48dcf8) Importer(815301076,1909f56bfc062723c751e8b465ee728b)  -> (artifact id: '354500f25dbf4c24e63cc70f8087f285') in 0.017541 seconds 
  Import took 0.023611 seconds .

========================================================================
Received Import Request.
  Time since last request: 0.000308 seconds.
  path: Assets/PackagesCustom/DoozyUI/Images/SideButtons/sideButtonAnimatorPresetsDarkSelected.png
  artifactKey: Guid(92bd8fca7193dd54ebd10dd6ae8f56ee) Importer(815301076,1909f56bfc062723c751e8b465ee728b)
Start importing Assets/PackagesCustom/DoozyUI/Images/SideButtons/sideButtonAnimatorPresetsDarkSelected.png using Guid(92bd8fca7193dd54ebd10dd6ae8f56ee) Importer(815301076,1909f56bfc062723c751e8b465ee728b)  -> (artifact id: '619fddc5e7d94214fdf29ea808bf3608') in 0.094074 seconds 
  Import took 0.100584 seconds .

========================================================================
Received Import Request.
  Time since last request: 0.000291 seconds.
  path: Assets/PackagesCustom/DoozyUI/Images/Bars/presetCaret4Dark.png
  artifactKey: Guid(69a0cc311d07117418a8249eead9e21a) Importer(815301076,1909f56bfc062723c751e8b465ee728b)
Start importing Assets/PackagesCustom/DoozyUI/Images/Bars/presetCaret4Dark.png using Guid(69a0cc311d07117418a8249eead9e21a) Importer(815301076,1909f56bfc062723c751e8b465ee728b)  -> (artifact id: '2120841b24ab32ad759bb9991e212f59') in 0.030719 seconds 
  Import took 0.035222 seconds .

========================================================================
Received Import Request.
  Time since last request: 0.000291 seconds.
  path: Assets/PackagesCustom/DoozyUI/Images/Bars/presetCaret4.png
  artifactKey: Guid(adaf311217dd8a6408f728bebd37a473) Importer(815301076,1909f56bfc062723c751e8b465ee728b)
Start importing Assets/PackagesCustom/DoozyUI/Images/Bars/presetCaret4.png using Guid(adaf311217dd8a6408f728bebd37a473) Importer(815301076,1909f56bfc062723c751e8b465ee728b)  -> (artifact id: '38fd0ecd01668caaff0165110e59ffea') in 0.041082 seconds 
  Import took 0.046360 seconds .

========================================================================
Received Import Request.
  Time since last request: 0.000348 seconds.
  path: Assets/PackagesCustom/DoozyUI/Images/Bars/presetCaret1.png
  artifactKey: Guid(056e01c9e6def7a4fa6fa1433ee68bb7) Importer(815301076,1909f56bfc062723c751e8b465ee728b)
Start importing Assets/PackagesCustom/DoozyUI/Images/Bars/presetCaret1.png using Guid(056e01c9e6def7a4fa6fa1433ee68bb7) Importer(815301076,1909f56bfc062723c751e8b465ee728b)  -> (artifact id: 'ad361d3941e7bb0b23bf0fef7a3fc9ee') in 0.032500 seconds 
  Import took 0.038914 seconds .

========================================================================
Received Import Request.
  Time since last request: 0.000240 seconds.
  path: Assets/PackagesCustom/DoozyUI/Images/Bars/presetCaret8Dark.png
  artifactKey: Guid(89cd633f2c98d6849bd1dca6151c1fb9) Importer(815301076,1909f56bfc062723c751e8b465ee728b)
Start importing Assets/PackagesCustom/DoozyUI/Images/Bars/presetCaret8Dark.png using Guid(89cd633f2c98d6849bd1dca6151c1fb9) Importer(815301076,1909f56bfc062723c751e8b465ee728b)  -> (artifact id: '399686ddfb134e6461eab58292bab0cf') in 0.047328 seconds 
  Import took 0.051724 seconds .

========================================================================
Received Import Request.
  Time since last request: 0.000240 seconds.
  path: Assets/PackagesCustom/DoozyUI/Images/Bars/presetCaret3.png
  artifactKey: Guid(032f7b3214cf83248ba40caac65c752f) Importer(815301076,1909f56bfc062723c751e8b465ee728b)
Start importing Assets/PackagesCustom/DoozyUI/Images/Bars/presetCaret3.png using Guid(032f7b3214cf83248ba40caac65c752f) Importer(815301076,1909f56bfc062723c751e8b465ee728b)  -> (artifact id: '9ec3953bd87eacafc5334835c6ddb22e') in 0.025762 seconds 
  Import took 0.030909 seconds .

========================================================================
Received Import Request.
  Time since last request: 0.000239 seconds.
  path: Assets/PackagesCustom/DoozyUI/Images/Bars/presetCaret5.png
  artifactKey: Guid(3b0c47925df08da4183eee685f2cb377) Importer(815301076,1909f56bfc062723c751e8b465ee728b)
Start importing Assets/PackagesCustom/DoozyUI/Images/Bars/presetCaret5.png using Guid(3b0c47925df08da4183eee685f2cb377) Importer(815301076,1909f56bfc062723c751e8b465ee728b)  -> (artifact id: 'bf00cd7b7669b9e679eae66266ac836f') in 0.026178 seconds 
  Import took 0.031189 seconds .

========================================================================
Received Import Request.
  Time since last request: 0.000234 seconds.
  path: Assets/PackagesCustom/DoozyUI/Resources/DUI/Animations/State/Uncategorized/DefaultPreset.asset
  artifactKey: Guid(0b8c57f9f1f07bc4d84072f0f6d08479) Importer(815301076,1909f56bfc062723c751e8b465ee728b)
Start importing Assets/PackagesCustom/DoozyUI/Resources/DUI/Animations/State/Uncategorized/DefaultPreset.asset using Guid(0b8c57f9f1f07bc4d84072f0f6d08479) Importer(815301076,1909f56bfc062723c751e8b465ee728b)  -> (artifact id: 'a1eebe6e3aac9db63f20d50e7e3a384a') in 0.005573 seconds 
  Import took 0.011133 seconds .

========================================================================
Received Import Request.
  Time since last request: 0.000513 seconds.
  path: Assets/PackagesCustom/DoozyUI/Images/Bars/presetCaret0Dark.png
  artifactKey: Guid(585fb24b9fd1bc1429bb446d077fb982) Importer(815301076,1909f56bfc062723c751e8b465ee728b)
Start importing Assets/PackagesCustom/DoozyUI/Images/Bars/presetCaret0Dark.png using Guid(585fb24b9fd1bc1429bb446d077fb982) Importer(815301076,1909f56bfc062723c751e8b465ee728b)  -> (artifact id: '1c361f16184912ae1f805fd16688f75a') in 0.028363 seconds 
  Import took 0.033551 seconds .

========================================================================
Received Import Request.
  Time since last request: 0.000240 seconds.
  path: Assets/PackagesCustom/DoozyUI/Images/Bars/presetCaret0.png
  artifactKey: Guid(c006783c3d057a7438ce42bd66236619) Importer(815301076,1909f56bfc062723c751e8b465ee728b)
Start importing Assets/PackagesCustom/DoozyUI/Images/Bars/presetCaret0.png using Guid(c006783c3d057a7438ce42bd66236619) Importer(815301076,1909f56bfc062723c751e8b465ee728b)  -> (artifact id: 'd83ac968252fdb383b2248b7dfc82941') in 0.024434 seconds 
  Import took 0.029718 seconds .

========================================================================
Received Import Request.
  Time since last request: 0.000268 seconds.
  path: Assets/PackagesCustom/DoozyUI/Images/Bars/presetCaret2Dark.png
  artifactKey: Guid(4f0ff92e2c7b724499c951c79e94f1d8) Importer(815301076,1909f56bfc062723c751e8b465ee728b)
Start importing Assets/PackagesCustom/DoozyUI/Images/Bars/presetCaret2Dark.png using Guid(4f0ff92e2c7b724499c951c79e94f1d8) Importer(815301076,1909f56bfc062723c751e8b465ee728b)  -> (artifact id: '82fbdc88b38feb7661ec0cbd4bf2a2e6') in 0.024660 seconds 
  Import took 0.029786 seconds .

========================================================================
Received Import Request.
  Time since last request: 0.000232 seconds.
  path: Assets/PackagesCustom/DoozyUI/Images/SideButtons/sideButtonAnimatorPresetsDarkActive.png
  artifactKey: Guid(73f8f215e8c12f443a4a3b2c9562bb71) Importer(815301076,1909f56bfc062723c751e8b465ee728b)
Start importing Assets/PackagesCustom/DoozyUI/Images/SideButtons/sideButtonAnimatorPresetsDarkActive.png using Guid(73f8f215e8c12f443a4a3b2c9562bb71) Importer(815301076,1909f56bfc062723c751e8b465ee728b)  -> (artifact id: 'c834d5a65c12ba7acd22805bb78272ee') in 0.026093 seconds 
  Import took 0.031189 seconds .

========================================================================
Received Import Request.
  Time since last request: 0.000232 seconds.
  path: Assets/PackagesCustom/DoozyUI/Images/Bars/presetCaret8.png
  artifactKey: Guid(dc255119cc46e0c4f9c2a7ab2255c9ed) Importer(815301076,1909f56bfc062723c751e8b465ee728b)
Start importing Assets/PackagesCustom/DoozyUI/Images/Bars/presetCaret8.png using Guid(dc255119cc46e0c4f9c2a7ab2255c9ed) Importer(815301076,1909f56bfc062723c751e8b465ee728b)  -> (artifact id: 'c71f5d219a8d499a1f7e0f7e580d1629') in 0.026082 seconds 
  Import took 0.031387 seconds .

========================================================================
Received Import Request.
  Time since last request: 0.000231 seconds.
  path: Assets/PackagesCustom/DoozyUI/Images/Bars/presetCaret7.png
  artifactKey: Guid(0db8e876055dbd44b9a98d4d9eb2f6f6) Importer(815301076,1909f56bfc062723c751e8b465ee728b)
Start importing Assets/PackagesCustom/DoozyUI/Images/Bars/presetCaret7.png using Guid(0db8e876055dbd44b9a98d4d9eb2f6f6) Importer(815301076,1909f56bfc062723c751e8b465ee728b)  -> (artifact id: 'ce210d0d48e8cd6ade39fe70fd3f8466') in 0.032193 seconds 
  Import took 0.037421 seconds .

========================================================================
Received Import Request.
  Time since last request: 0.000242 seconds.
  path: Assets/PackagesCustom/DoozyUI/Images/Bars/presetCaret6.png
  artifactKey: Guid(6e7ad4e70c1784e40a8d2794fed43883) Importer(815301076,1909f56bfc062723c751e8b465ee728b)
Start importing Assets/PackagesCustom/DoozyUI/Images/Bars/presetCaret6.png using Guid(6e7ad4e70c1784e40a8d2794fed43883) Importer(815301076,1909f56bfc062723c751e8b465ee728b)  -> (artifact id: '4251d12a9c8fbd2cae77e045bdeaab4b') in 0.048068 seconds 
  Import took 0.054247 seconds .

========================================================================
Received Import Request.
  Time since last request: 0.000233 seconds.
  path: Assets/PackagesCustom/DoozyUI/Images/Bars/presetCaret6Dark.png
  artifactKey: Guid(741b17ee7deab77498c9c2a6e7c8903b) Importer(815301076,1909f56bfc062723c751e8b465ee728b)
Start importing Assets/PackagesCustom/DoozyUI/Images/Bars/presetCaret6Dark.png using Guid(741b17ee7deab77498c9c2a6e7c8903b) Importer(815301076,1909f56bfc062723c751e8b465ee728b)  -> (artifact id: '5a87f72ac084a70223f644fa3f9a51e7') in 0.026536 seconds 
  Import took 0.033869 seconds .

========================================================================
Received Import Request.
  Time since last request: 0.000272 seconds.
  path: Assets/PackagesCustom/DoozyUI/Images/Bars/presetCaret9.png
  artifactKey: Guid(f57d0c80ca7d4b64ab2dcce625ecee57) Importer(815301076,1909f56bfc062723c751e8b465ee728b)
Start importing Assets/PackagesCustom/DoozyUI/Images/Bars/presetCaret9.png using Guid(f57d0c80ca7d4b64ab2dcce625ecee57) Importer(815301076,1909f56bfc062723c751e8b465ee728b)  -> (artifact id: '3de4bf32ee85d4fc0b71bff1454cdb9a') in 0.027209 seconds 
  Import took 0.034819 seconds .

========================================================================
Received Import Request.
  Time since last request: 0.000264 seconds.
  path: Assets/PackagesCustom/DoozyUI/Images/Icons/iconLoopAnimatorPreset.png
  artifactKey: Guid(55e12600846b16b4c8600332ee71aa29) Importer(815301076,1909f56bfc062723c751e8b465ee728b)
Start importing Assets/PackagesCustom/DoozyUI/Images/Icons/iconLoopAnimatorPreset.png using Guid(55e12600846b16b4c8600332ee71aa29) Importer(815301076,1909f56bfc062723c751e8b465ee728b)  -> (artifact id: '886a73a9ed7daf407745b3a8253172dc') in 0.028023 seconds 
  Import took 0.032919 seconds .

========================================================================
Received Import Request.
  Time since last request: 0.000214 seconds.
  path: Assets/PackagesCustom/DoozyUI/Images/Bars/presetCaret2.png
  artifactKey: Guid(804eff11a9b032348a7856c3afec1de9) Importer(815301076,1909f56bfc062723c751e8b465ee728b)
Start importing Assets/PackagesCustom/DoozyUI/Images/Bars/presetCaret2.png using Guid(804eff11a9b032348a7856c3afec1de9) Importer(815301076,1909f56bfc062723c751e8b465ee728b)  -> (artifact id: '96ec6dd9e42fc7a19c50bcbce9d6222e') in 0.026679 seconds 
  Import took 0.031079 seconds .

========================================================================
Received Import Request.
  Time since last request: 0.000250 seconds.
  path: Assets/PackagesCustom/DoozyUI/Images/Bars/presetCaret5Dark.png
  artifactKey: Guid(289368a9edb4a8646a657ec97616e233) Importer(815301076,1909f56bfc062723c751e8b465ee728b)
Start importing Assets/PackagesCustom/DoozyUI/Images/Bars/presetCaret5Dark.png using Guid(289368a9edb4a8646a657ec97616e233) Importer(815301076,1909f56bfc062723c751e8b465ee728b)  -> (artifact id: 'cd4791d97db652fe476a1db3682e54c1') in 0.038317 seconds 
  Import took 0.042631 seconds .

========================================================================
Received Import Request.
  Time since last request: 0.000233 seconds.
  path: Assets/PackagesCustom/DoozyUI/Images/Bars/presetCaret3Dark.png
  artifactKey: Guid(605c5f3f544bc414db5f03c46d6ff306) Importer(815301076,1909f56bfc062723c751e8b465ee728b)
Start importing Assets/PackagesCustom/DoozyUI/Images/Bars/presetCaret3Dark.png using Guid(605c5f3f544bc414db5f03c46d6ff306) Importer(815301076,1909f56bfc062723c751e8b465ee728b)  -> (artifact id: '359ce52c316a78c06f3e7c44a9266785') in 0.039525 seconds 
  Import took 0.044570 seconds .

========================================================================
Received Import Request.
  Time since last request: 0.000221 seconds.
  path: Assets/PackagesCustom/DoozyUI/Images/Bars/presetCaret10Dark.png
  artifactKey: Guid(7e270acd180a2b047a2193b030c76ae2) Importer(815301076,1909f56bfc062723c751e8b465ee728b)
Start importing Assets/PackagesCustom/DoozyUI/Images/Bars/presetCaret10Dark.png using Guid(7e270acd180a2b047a2193b030c76ae2) Importer(815301076,1909f56bfc062723c751e8b465ee728b)  -> (artifact id: 'ccb30d57f3a94ebcea821d67b75e01a3') in 0.042539 seconds 
  Import took 0.052077 seconds .

========================================================================
Received Import Request.
  Time since last request: 0.003472 seconds.
  path: Assets/PackagesCustom/DoozyUI/Images/Bars/presetCaret9Dark.png
  artifactKey: Guid(bcc7d1592cf9ffe4f92ff6ed9a993a23) Importer(815301076,1909f56bfc062723c751e8b465ee728b)
Start importing Assets/PackagesCustom/DoozyUI/Images/Bars/presetCaret9Dark.png using Guid(bcc7d1592cf9ffe4f92ff6ed9a993a23) Importer(815301076,1909f56bfc062723c751e8b465ee728b)  -> (artifact id: 'f6881f297c03332f08de273450528e23') in 0.088669 seconds 
  Import took 0.102606 seconds .

========================================================================
Received Import Request.
  Time since last request: 0.000232 seconds.
  path: Assets/PackagesCustom/DoozyUI/Images/SideButtons/sideButtonAnimatorPresets.png
  artifactKey: Guid(7b712d164b0c31040a623fdee7ce64de) Importer(815301076,1909f56bfc062723c751e8b465ee728b)
Start importing Assets/PackagesCustom/DoozyUI/Images/SideButtons/sideButtonAnimatorPresets.png using Guid(7b712d164b0c31040a623fdee7ce64de) Importer(815301076,1909f56bfc062723c751e8b465ee728b)  -> (artifact id: '83543c0fb0ef9fe8acfcbdfb1783ecdb') in 0.078112 seconds 
  Import took 0.082742 seconds .

========================================================================
Received Import Request.
  Time since last request: 0.000259 seconds.
  path: Assets/PackagesCustom/DoozyUI/Images/SideButtons/sideButtonAnimatorPresetsActive.png
  artifactKey: Guid(2d9ce30309f53204d8bb4d4aedf450c9) Importer(815301076,1909f56bfc062723c751e8b465ee728b)
Start importing Assets/PackagesCustom/DoozyUI/Images/SideButtons/sideButtonAnimatorPresetsActive.png using Guid(2d9ce30309f53204d8bb4d4aedf450c9) Importer(815301076,1909f56bfc062723c751e8b465ee728b)  -> (artifact id: 'd908b6dd2ec6d0eae2e184148765d19a') in 0.036941 seconds 
  Import took 0.042397 seconds .

========================================================================
Received Import Request.
  Time since last request: 0.000333 seconds.
  path: Assets/PackagesCustom/DoozyUI/Images/Bars/presetCaret10.png
  artifactKey: Guid(407e28689f4887a4abec1e84fa2cff75) Importer(815301076,1909f56bfc062723c751e8b465ee728b)
Start importing Assets/PackagesCustom/DoozyUI/Images/Bars/presetCaret10.png using Guid(407e28689f4887a4abec1e84fa2cff75) Importer(815301076,1909f56bfc062723c751e8b465ee728b)  -> (artifact id: '96fd5c3c4167a09d578a4db408bd1e34') in 0.050752 seconds 
  Import took 0.055002 seconds .

========================================================================
Received Import Request.
  Time since last request: 0.000231 seconds.
  path: Assets/PackagesCustom/DoozyUI/Images/SideButtons/sideButtonAnimatorPresetsDark.png
  artifactKey: Guid(57f14356def3689448adabfed80ddaf6) Importer(815301076,1909f56bfc062723c751e8b465ee728b)
Start importing Assets/PackagesCustom/DoozyUI/Images/SideButtons/sideButtonAnimatorPresetsDark.png using Guid(57f14356def3689448adabfed80ddaf6) Importer(815301076,1909f56bfc062723c751e8b465ee728b)  -> (artifact id: '6ab8311cbbecaa99004e35ae22152e92') in 0.035203 seconds 
  Import took 0.039568 seconds .

========================================================================
Received Import Request.
  Time since last request: 0.000243 seconds.
  path: Assets/PackagesCustom/DoozyUI/Images/SideButtons/sideButtonAnimatorPresetsDarkHover.png
  artifactKey: Guid(fc63320299c1ae64c9eff909b7af9cc3) Importer(815301076,1909f56bfc062723c751e8b465ee728b)
Start importing Assets/PackagesCustom/DoozyUI/Images/SideButtons/sideButtonAnimatorPresetsDarkHover.png using Guid(fc63320299c1ae64c9eff909b7af9cc3) Importer(815301076,1909f56bfc062723c751e8b465ee728b)  -> (artifact id: 'ff17a4af9ed0eb61aede6e2c61e62133') in 0.037150 seconds 
  Import took 0.042996 seconds .

========================================================================
Received Import Request.
  Time since last request: 0.000252 seconds.
  path: Assets/PackagesCustom/DoozyUI/Images/Bars/presetCaret7Dark.png
  artifactKey: Guid(b7fc7370aac35044884f48b0e3c48f34) Importer(815301076,1909f56bfc062723c751e8b465ee728b)
Start importing Assets/PackagesCustom/DoozyUI/Images/Bars/presetCaret7Dark.png using Guid(b7fc7370aac35044884f48b0e3c48f34) Importer(815301076,1909f56bfc062723c751e8b465ee728b)  -> (artifact id: '8c4b1c69940d710e393db1abe766038b') in 0.042675 seconds 
  Import took 0.048906 seconds .

========================================================================
Received Import Request.
  Time since last request: 0.000265 seconds.
  path: Assets/PackagesCustom/DoozyUI/Images/Icons/iconInOutAnimatorPreset.png
  artifactKey: Guid(963b58d20a166974c92d4e1913d57151) Importer(815301076,1909f56bfc062723c751e8b465ee728b)
Start importing Assets/PackagesCustom/DoozyUI/Images/Icons/iconInOutAnimatorPreset.png using Guid(963b58d20a166974c92d4e1913d57151) Importer(815301076,1909f56bfc062723c751e8b465ee728b)  -> (artifact id: '6112eb4cec6e8dc5f4b635c10ba3fee8') in 0.042156 seconds 
  Import took 0.053201 seconds .

========================================================================
Received Import Request.
  Time since last request: 0.000461 seconds.
  path: Assets/PackagesCustom/Demigiant/DemiLib/Core/Editor/Imgs/project/ico_prefab.png
  artifactKey: Guid(ed3789262161efa4fa33c85ca534590e) Importer(815301076,1909f56bfc062723c751e8b465ee728b)
Start importing Assets/PackagesCustom/Demigiant/DemiLib/Core/Editor/Imgs/project/ico_prefab.png using Guid(ed3789262161efa4fa33c85ca534590e) Importer(815301076,1909f56bfc062723c751e8b465ee728b)  -> (artifact id: '08aa56ffa5b2cfac6d22826f9ca86d18') in 0.122868 seconds 
  Import took 0.139630 seconds .

========================================================================
Received Import Request.
  Time since last request: 0.000432 seconds.
  path: Assets/PackagesCustom/DoozyUI/Images/Icons/iconPunchAnimatorPreset.png
  artifactKey: Guid(3481956734d2d4c40a5ba032ea005688) Importer(815301076,1909f56bfc062723c751e8b465ee728b)
Start importing Assets/PackagesCustom/DoozyUI/Images/Icons/iconPunchAnimatorPreset.png using Guid(3481956734d2d4c40a5ba032ea005688) Importer(815301076,1909f56bfc062723c751e8b465ee728b)  -> (artifact id: '9f52015c478e131c8cf4e181ee8ccfe9') in 0.036493 seconds 
  Import took 0.043279 seconds .

========================================================================
Received Import Request.
  Time since last request: 0.000224 seconds.
  path: Assets/PackagesCustom/DoozyUI/Images/Bars/presetCaret1Dark.png
  artifactKey: Guid(afcd0748f16c0994c9bcf4cba64c3757) Importer(815301076,1909f56bfc062723c751e8b465ee728b)
Start importing Assets/PackagesCustom/DoozyUI/Images/Bars/presetCaret1Dark.png using Guid(afcd0748f16c0994c9bcf4cba64c3757) Importer(815301076,1909f56bfc062723c751e8b465ee728b)  -> (artifact id: '8dd4d18fbe4d17c0dcfb0edc4f2cd815') in 0.031074 seconds 
  Import took 0.035249 seconds .

========================================================================
Received Import Request.
  Time since last request: 0.000243 seconds.
  path: Assets/PackagesCustom/DoozyUI/Resources/DUI/Animations/Out/Uncategorized/DefaultPreset.asset
  artifactKey: Guid(80ff3b47fbd629146825c73d16c9280d) Importer(815301076,1909f56bfc062723c751e8b465ee728b)
Start importing Assets/PackagesCustom/DoozyUI/Resources/DUI/Animations/Out/Uncategorized/DefaultPreset.asset using Guid(80ff3b47fbd629146825c73d16c9280d) Importer(815301076,1909f56bfc062723c751e8b465ee728b)  -> (artifact id: '99cfd747cf3d321153519cdf526d6652') in 0.009327 seconds 
  Import took 0.014504 seconds .

========================================================================
Received Prepare
Registering precompiled user dll's ...
Registered in 0.011711 seconds.
Begin MonoManager ReloadAssembly
Native extension for WindowsStandalone target not found
Refreshing native plugins compatible for Editor in 0.89 ms, found 2 plugins.
Preloading 0 native plugins for Editor in 0.00 ms.
Mono: successfully reloaded assembly
- Completed reload, in  2.023 seconds
Domain Reload Profiling:
	ReloadAssembly (2023ms)
		BeginReloadAssembly (150ms)
			ExecutionOrderSort (0ms)
			DisableScriptedObjects (8ms)
			BackupInstance (0ms)
			ReleaseScriptingObjects (0ms)
			CreateAndSetChildDomain (47ms)
		EndReloadAssembly (1777ms)
			LoadAssemblies (136ms)
			RebuildTransferFunctionScriptingTraits (0ms)
			SetupTypeCache (441ms)
			ReleaseScriptCaches (1ms)
			RebuildScriptCaches (61ms)
			SetupLoadedEditorAssemblies (982ms)
				LogAssemblyErrors (0ms)
				InitializePlatformSupportModulesInManaged (6ms)
				SetLoadedEditorAssemblies (1ms)
				RefreshPlugins (1ms)
				BeforeProcessingInitializeOnLoad (112ms)
				ProcessInitializeOnLoadAttributes (848ms)
				ProcessInitializeOnLoadMethodAttributes (5ms)
				AfterProcessingInitializeOnLoad (9ms)
				EditorAssembliesLoaded (0ms)
			ExecutionOrderSort2 (0ms)
			AwakeInstancesAfterBackupRestoration (9ms)
Platform modules already initialized, skipping
Refreshing native plugins compatible for Editor in 0.97 ms, found 2 plugins.
Preloading 0 native plugins for Editor in 0.00 ms.
Unloading 1832 Unused Serialized files (Serialized files now loaded: 0)
System memory in use before: 85.0 MB.
System memory in use after: 85.1 MB.

Unloading 26 unused Assets to reduce memory usage. Loaded Objects now: 2326.
Total: 3.113900 ms (FindLiveObjects: 0.188700 ms CreateObjectMapping: 0.076900 ms MarkObjects: 2.762500 ms  DeleteObjects: 0.084000 ms)

AssetImportParameters requested are different than current active one (requested -> active):
  custom:framework-win-MediaFoundation: 216162199b28c13a410421893ffa2e32 -> 
  custom:video-decoder-ogg-theora: a1e56fd34408186e4bbccfd4996cb3dc -> 
  custom:container-muxer-webm: aa71ff27fc2769a1b78a27578f13a17b -> 
  custom:container-demuxer-webm: 4f35f7cbe854078d1ac9338744f61a02 -> 
  custom:container-demuxer-ogg: 62fdf1f143b41e24485cea50d1cbac27 -> 
  custom:video-encoder-webm-vp8: eb34c28f22e8b96e1ab97ce403110664 -> 
  custom:video-decoder-webm-vp8: 9c59270c3fd7afecdb556c50c9e8de78 -> 
  custom:audio-decoder-ogg-vorbis: bf7c407c2cedff20999df2af8eb42d56 -> 
  custom:audio-encoder-webm-vorbis: bf7c407c2cedff20999df2af8eb42d56 -> 
========================================================================
Received Prepare
Registering precompiled user dll's ...
Registered in 0.011551 seconds.
Begin MonoManager ReloadAssembly
Native extension for WindowsStandalone target not found
Refreshing native plugins compatible for Editor in 0.84 ms, found 2 plugins.
Preloading 0 native plugins for Editor in 0.00 ms.
Mono: successfully reloaded assembly
- Completed reload, in  1.997 seconds
Domain Reload Profiling:
	ReloadAssembly (1997ms)
		BeginReloadAssembly (153ms)
			ExecutionOrderSort (0ms)
			DisableScriptedObjects (7ms)
			BackupInstance (0ms)
			ReleaseScriptingObjects (0ms)
			CreateAndSetChildDomain (44ms)
		EndReloadAssembly (1751ms)
			LoadAssemblies (133ms)
			RebuildTransferFunctionScriptingTraits (0ms)
			SetupTypeCache (415ms)
			ReleaseScriptCaches (1ms)
			RebuildScriptCaches (64ms)
			SetupLoadedEditorAssemblies (979ms)
				LogAssemblyErrors (0ms)
				InitializePlatformSupportModulesInManaged (6ms)
				SetLoadedEditorAssemblies (1ms)
				RefreshPlugins (1ms)
				BeforeProcessingInitializeOnLoad (112ms)
				ProcessInitializeOnLoadAttributes (845ms)
				ProcessInitializeOnLoadMethodAttributes (6ms)
				AfterProcessingInitializeOnLoad (9ms)
				EditorAssembliesLoaded (0ms)
			ExecutionOrderSort2 (0ms)
			AwakeInstancesAfterBackupRestoration (9ms)
Platform modules already initialized, skipping
Refreshing native plugins compatible for Editor in 1.01 ms, found 2 plugins.
Preloading 0 native plugins for Editor in 0.00 ms.
Unloading 1832 Unused Serialized files (Serialized files now loaded: 0)
System memory in use before: 85.0 MB.
System memory in use after: 85.1 MB.

Unloading 26 unused Assets to reduce memory usage. Loaded Objects now: 2329.
Total: 4.178100 ms (FindLiveObjects: 0.210300 ms CreateObjectMapping: 0.080600 ms MarkObjects: 3.630200 ms  DeleteObjects: 0.254700 ms)

AssetImportParameters requested are different than current active one (requested -> active):
  custom:framework-win-MediaFoundation: 216162199b28c13a410421893ffa2e32 -> 
  custom:video-decoder-ogg-theora: a1e56fd34408186e4bbccfd4996cb3dc -> 
  custom:container-muxer-webm: aa71ff27fc2769a1b78a27578f13a17b -> 
  custom:container-demuxer-webm: 4f35f7cbe854078d1ac9338744f61a02 -> 
  custom:container-demuxer-ogg: 62fdf1f143b41e24485cea50d1cbac27 -> 
  custom:video-encoder-webm-vp8: eb34c28f22e8b96e1ab97ce403110664 -> 
  custom:video-decoder-webm-vp8: 9c59270c3fd7afecdb556c50c9e8de78 -> 
  custom:audio-decoder-ogg-vorbis: bf7c407c2cedff20999df2af8eb42d56 -> 
  custom:audio-encoder-webm-vorbis: bf7c407c2cedff20999df2af8eb42d56 -> 
========================================================================
Received Prepare
Registering precompiled user dll's ...
Registered in 0.011470 seconds.
Begin MonoManager ReloadAssembly
Native extension for WindowsStandalone target not found
Refreshing native plugins compatible for Editor in 0.95 ms, found 2 plugins.
Preloading 0 native plugins for Editor in 0.00 ms.
Mono: successfully reloaded assembly
- Completed reload, in  2.127 seconds
Domain Reload Profiling:
	ReloadAssembly (2128ms)
		BeginReloadAssembly (144ms)
			ExecutionOrderSort (0ms)
			DisableScriptedObjects (8ms)
			BackupInstance (0ms)
			ReleaseScriptingObjects (0ms)
			CreateAndSetChildDomain (42ms)
		EndReloadAssembly (1892ms)
			LoadAssemblies (139ms)
			RebuildTransferFunctionScriptingTraits (0ms)
			SetupTypeCache (435ms)
			ReleaseScriptCaches (1ms)
			RebuildScriptCaches (65ms)
			SetupLoadedEditorAssemblies (1027ms)
				LogAssemblyErrors (0ms)
				InitializePlatformSupportModulesInManaged (6ms)
				SetLoadedEditorAssemblies (1ms)
				RefreshPlugins (1ms)
				BeforeProcessingInitializeOnLoad (111ms)
				ProcessInitializeOnLoadAttributes (891ms)
				ProcessInitializeOnLoadMethodAttributes (6ms)
				AfterProcessingInitializeOnLoad (10ms)
				EditorAssembliesLoaded (0ms)
			ExecutionOrderSort2 (0ms)
			AwakeInstancesAfterBackupRestoration (21ms)
Platform modules already initialized, skipping
Refreshing native plugins compatible for Editor in 0.97 ms, found 2 plugins.
Preloading 0 native plugins for Editor in 0.00 ms.
Unloading 1832 Unused Serialized files (Serialized files now loaded: 0)
System memory in use before: 85.0 MB.
System memory in use after: 85.1 MB.

Unloading 26 unused Assets to reduce memory usage. Loaded Objects now: 2332.
Total: 3.175700 ms (FindLiveObjects: 0.201500 ms CreateObjectMapping: 0.078100 ms MarkObjects: 2.801000 ms  DeleteObjects: 0.092900 ms)

AssetImportParameters requested are different than current active one (requested -> active):
  custom:framework-win-MediaFoundation: 216162199b28c13a410421893ffa2e32 -> 
  custom:video-decoder-ogg-theora: a1e56fd34408186e4bbccfd4996cb3dc -> 
  custom:container-muxer-webm: aa71ff27fc2769a1b78a27578f13a17b -> 
  custom:container-demuxer-webm: 4f35f7cbe854078d1ac9338744f61a02 -> 
  custom:container-demuxer-ogg: 62fdf1f143b41e24485cea50d1cbac27 -> 
  custom:video-encoder-webm-vp8: eb34c28f22e8b96e1ab97ce403110664 -> 
  custom:video-decoder-webm-vp8: 9c59270c3fd7afecdb556c50c9e8de78 -> 
  custom:audio-decoder-ogg-vorbis: bf7c407c2cedff20999df2af8eb42d56 -> 
  custom:audio-encoder-webm-vorbis: bf7c407c2cedff20999df2af8eb42d56 -> 
========================================================================
Received Prepare
Registering precompiled user dll's ...
Registered in 0.016261 seconds.
Begin MonoManager ReloadAssembly
Native extension for WindowsStandalone target not found
Refreshing native plugins compatible for Editor in 0.94 ms, found 2 plugins.
Preloading 0 native plugins for Editor in 0.00 ms.
Mono: successfully reloaded assembly
- Completed reload, in  2.795 seconds
Domain Reload Profiling:
	ReloadAssembly (2795ms)
		BeginReloadAssembly (150ms)
			ExecutionOrderSort (0ms)
			DisableScriptedObjects (7ms)
			BackupInstance (0ms)
			ReleaseScriptingObjects (0ms)
			CreateAndSetChildDomain (44ms)
		EndReloadAssembly (2548ms)
			LoadAssemblies (137ms)
			RebuildTransferFunctionScriptingTraits (0ms)
			SetupTypeCache (610ms)
			ReleaseScriptCaches (1ms)
			RebuildScriptCaches (95ms)
			SetupLoadedEditorAssemblies (1447ms)
				LogAssemblyErrors (0ms)
				InitializePlatformSupportModulesInManaged (7ms)
				SetLoadedEditorAssemblies (2ms)
				RefreshPlugins (1ms)
				BeforeProcessingInitializeOnLoad (537ms)
				ProcessInitializeOnLoadAttributes (885ms)
				ProcessInitializeOnLoadMethodAttributes (6ms)
				AfterProcessingInitializeOnLoad (10ms)
				EditorAssembliesLoaded (0ms)
			ExecutionOrderSort2 (0ms)
			AwakeInstancesAfterBackupRestoration (12ms)
Platform modules already initialized, skipping
Refreshing native plugins compatible for Editor in 1.16 ms, found 2 plugins.
Preloading 0 native plugins for Editor in 0.00 ms.
Unloading 1832 Unused Serialized files (Serialized files now loaded: 0)
System memory in use before: 85.0 MB.
System memory in use after: 85.1 MB.

Unloading 26 unused Assets to reduce memory usage. Loaded Objects now: 2335.
Total: 3.159900 ms (FindLiveObjects: 0.206900 ms CreateObjectMapping: 0.077000 ms MarkObjects: 2.775000 ms  DeleteObjects: 0.098700 ms)

AssetImportParameters requested are different than current active one (requested -> active):
  custom:framework-win-MediaFoundation: 216162199b28c13a410421893ffa2e32 -> 
  custom:video-decoder-ogg-theora: a1e56fd34408186e4bbccfd4996cb3dc -> 
  custom:container-muxer-webm: aa71ff27fc2769a1b78a27578f13a17b -> 
  custom:container-demuxer-webm: 4f35f7cbe854078d1ac9338744f61a02 -> 
  custom:container-demuxer-ogg: 62fdf1f143b41e24485cea50d1cbac27 -> 
  custom:video-encoder-webm-vp8: eb34c28f22e8b96e1ab97ce403110664 -> 
  custom:video-decoder-webm-vp8: 9c59270c3fd7afecdb556c50c9e8de78 -> 
  custom:audio-decoder-ogg-vorbis: bf7c407c2cedff20999df2af8eb42d56 -> 
  custom:audio-encoder-webm-vorbis: bf7c407c2cedff20999df2af8eb42d56 -> 
========================================================================
Received Prepare
Refreshing native plugins compatible for Editor in 9.98 ms, found 2 plugins.
Preloading 0 native plugins for Editor in 0.00 ms.
Unloading 24 Unused Serialized files (Serialized files now loaded: 0)
System memory in use before: 49.2 MB.
System memory in use after: 49.3 MB.

Unloading 24 unused Assets to reduce memory usage. Loaded Objects now: 2335.
Total: 3.004000 ms (FindLiveObjects: 0.209000 ms CreateObjectMapping: 0.093600 ms MarkObjects: 2.609200 ms  DeleteObjects: 0.090400 ms)

AssetImportParameters requested are different than current active one (requested -> active):
  custom:framework-win-MediaFoundation: 216162199b28c13a410421893ffa2e32 -> 
  custom:video-decoder-ogg-theora: a1e56fd34408186e4bbccfd4996cb3dc -> 
  custom:container-muxer-webm: aa71ff27fc2769a1b78a27578f13a17b -> 
  custom:container-demuxer-webm: 4f35f7cbe854078d1ac9338744f61a02 -> 
  custom:container-demuxer-ogg: 62fdf1f143b41e24485cea50d1cbac27 -> 
  custom:video-encoder-webm-vp8: eb34c28f22e8b96e1ab97ce403110664 -> 
  custom:video-decoder-webm-vp8: 9c59270c3fd7afecdb556c50c9e8de78 -> 
  custom:audio-decoder-ogg-vorbis: bf7c407c2cedff20999df2af8eb42d56 -> 
  custom:audio-encoder-webm-vorbis: bf7c407c2cedff20999df2af8eb42d56 -> 
AssetImportWorkerClient::OnTransportError - code=2 error=End of file
